<?xml version="1.0" encoding="UTF-8"?>
<coverage generated="1755027679756" clover="3.2.0">
  <project timestamp="1755027679756" name="All files">
    <metrics statements="556" coveredstatements="541" conditionals="88" coveredconditionals="77" methods="36" coveredmethods="29" elements="680" coveredelements="647" complexity="0" loc="556" ncloc="556" packages="4" files="7" classes="7"/>
    <package name="__mocks__">
      <metrics statements="1" coveredstatements="0" conditionals="1" coveredconditionals="0" methods="1" coveredmethods="0"/>
      <file name="styleMock.js" path="/Users/forestmars/sandbox/coffee/__mocks__/styleMock.js">
        <metrics statements="1" coveredstatements="0" conditionals="1" coveredconditionals="0" methods="1" coveredmethods="0"/>
        <line num="1" count="0" type="cond" truecount="0" falsecount="1"/>
      </file>
    </package>
    <package name="src">
      <metrics statements="27" coveredstatements="18" conditionals="3" coveredconditionals="2" methods="2" coveredmethods="1"/>
      <file name="App.tsx" path="/Users/forestmars/sandbox/coffee/src/App.tsx">
        <metrics statements="18" coveredstatements="18" conditionals="2" coveredconditionals="2" methods="1" coveredmethods="1"/>
        <line num="1" count="1" type="stmt"/>
        <line num="2" count="1" type="stmt"/>
        <line num="3" count="1" type="stmt"/>
        <line num="4" count="1" type="stmt"/>
        <line num="5" count="1" type="stmt"/>
        <line num="6" count="1" type="stmt"/>
        <line num="12" count="2" type="cond" truecount="1" falsecount="0"/>
        <line num="13" count="2" type="cond" truecount="1" falsecount="0"/>
        <line num="14" count="2" type="stmt"/>
        <line num="15" count="2" type="stmt"/>
        <line num="16" count="2" type="stmt"/>
        <line num="17" count="2" type="stmt"/>
        <line num="18" count="2" type="stmt"/>
        <line num="19" count="2" type="stmt"/>
        <line num="20" count="2" type="stmt"/>
        <line num="21" count="2" type="stmt"/>
        <line num="23" count="2" type="stmt"/>
        <line num="25" count="1" type="stmt"/>
      </file>
      <file name="main.tsx" path="/Users/forestmars/sandbox/coffee/src/main.tsx">
        <metrics statements="9" coveredstatements="0" conditionals="1" coveredconditionals="0" methods="1" coveredmethods="0"/>
        <line num="1" count="0" type="cond" truecount="0" falsecount="1"/>
        <line num="2" count="0" type="stmt"/>
        <line num="3" count="0" type="stmt"/>
        <line num="4" count="0" type="stmt"/>
        <line num="6" count="0" type="stmt"/>
        <line num="7" count="0" type="stmt"/>
        <line num="8" count="0" type="stmt"/>
        <line num="9" count="0" type="stmt"/>
        <line num="10" count="0" type="stmt"/>
      </file>
    </package>
    <package name="src.pages">
      <metrics statements="435" coveredstatements="433" conditionals="41" coveredconditionals="37" methods="21" coveredmethods="16"/>
      <file name="HomePage.tsx" path="/Users/forestmars/sandbox/coffee/src/pages/HomePage.tsx">
        <metrics statements="40" coveredstatements="40" conditionals="1" coveredconditionals="1" methods="3" coveredmethods="1"/>
        <line num="1" count="1" type="stmt"/>
        <line num="2" count="1" type="stmt"/>
        <line num="4" count="1" type="stmt"/>
        <line num="6" count="1" type="cond" truecount="1" falsecount="0"/>
        <line num="7" count="1" type="stmt"/>
        <line num="9" count="1" type="stmt"/>
        <line num="10" count="1" type="stmt"/>
        <line num="11" count="1" type="stmt"/>
        <line num="12" count="1" type="stmt"/>
        <line num="14" count="1" type="stmt"/>
        <line num="15" count="1" type="stmt"/>
        <line num="16" count="1" type="stmt"/>
        <line num="17" count="1" type="stmt"/>
        <line num="18" count="1" type="stmt"/>
        <line num="19" count="1" type="stmt"/>
        <line num="20" count="1" type="stmt"/>
        <line num="21" count="1" type="stmt"/>
        <line num="22" count="1" type="stmt"/>
        <line num="23" count="1" type="stmt"/>
        <line num="24" count="1" type="stmt"/>
        <line num="25" count="1" type="stmt"/>
        <line num="26" count="1" type="stmt"/>
        <line num="27" count="1" type="stmt"/>
        <line num="28" count="1" type="stmt"/>
        <line num="29" count="1" type="stmt"/>
        <line num="30" count="1" type="stmt"/>
        <line num="31" count="1" type="stmt"/>
        <line num="32" count="1" type="stmt"/>
        <line num="33" count="1" type="stmt"/>
        <line num="34" count="1" type="stmt"/>
        <line num="35" count="1" type="stmt"/>
        <line num="36" count="1" type="stmt"/>
        <line num="37" count="1" type="stmt"/>
        <line num="38" count="1" type="stmt"/>
        <line num="39" count="1" type="stmt"/>
        <line num="40" count="1" type="stmt"/>
        <line num="41" count="1" type="stmt"/>
        <line num="42" count="1" type="stmt"/>
        <line num="44" count="1" type="stmt"/>
        <line num="46" count="1" type="stmt"/>
      </file>
      <file name="MenuPage.tsx" path="/Users/forestmars/sandbox/coffee/src/pages/MenuPage.tsx">
        <metrics statements="241" coveredstatements="239" conditionals="19" coveredconditionals="17" methods="9" coveredmethods="8"/>
        <line num="1" count="1" type="stmt"/>
        <line num="2" count="1" type="stmt"/>
        <line num="3" count="1" type="stmt"/>
        <line num="6" count="1" type="stmt"/>
        <line num="7" count="1" type="stmt"/>
        <line num="8" count="1" type="stmt"/>
        <line num="9" count="1" type="stmt"/>
        <line num="10" count="1" type="stmt"/>
        <line num="11" count="1" type="stmt"/>
        <line num="12" count="1" type="stmt"/>
        <line num="13" count="1" type="stmt"/>
        <line num="14" count="1" type="stmt"/>
        <line num="15" count="1" type="stmt"/>
        <line num="16" count="1" type="stmt"/>
        <line num="17" count="1" type="stmt"/>
        <line num="18" count="1" type="stmt"/>
        <line num="19" count="1" type="stmt"/>
        <line num="20" count="1" type="stmt"/>
        <line num="21" count="1" type="stmt"/>
        <line num="22" count="1" type="stmt"/>
        <line num="23" count="1" type="stmt"/>
        <line num="24" count="1" type="stmt"/>
        <line num="25" count="1" type="stmt"/>
        <line num="27" count="1" type="cond" truecount="1" falsecount="0"/>
        <line num="28" count="20" type="stmt"/>
        <line num="29" count="20" type="stmt"/>
        <line num="30" count="20" type="stmt"/>
        <line num="31" count="20" type="stmt"/>
        <line num="32" count="20" type="stmt"/>
        <line num="33" count="20" type="stmt"/>
        <line num="34" count="20" type="stmt"/>
        <line num="35" count="20" type="stmt"/>
        <line num="36" count="20" type="stmt"/>
        <line num="37" count="20" type="stmt"/>
        <line num="38" count="20" type="stmt"/>
        <line num="39" count="20" type="stmt"/>
        <line num="40" count="20" type="stmt"/>
        <line num="41" count="20" type="stmt"/>
        <line num="44" count="20" type="cond" truecount="1" falsecount="0"/>
        <line num="45" count="20" type="stmt"/>
        <line num="46" count="20" type="stmt"/>
        <line num="49" count="20" type="cond" truecount="1" falsecount="0"/>
        <line num="50" count="20" type="stmt"/>
        <line num="51" count="20" type="stmt"/>
        <line num="53" count="20" type="cond" truecount="1" falsecount="0"/>
        <line num="54" count="1" type="cond" truecount="0" falsecount="1"/>
        <line num="55" count="1" type="stmt"/>
        <line num="56" count="1" type="stmt"/>
        <line num="58" count="20" type="cond" truecount="1" falsecount="0"/>
        <line num="59" count="1" type="stmt"/>
        <line num="60" count="1" type="cond" truecount="0" falsecount="1"/>
        <line num="61" count="1" type="stmt"/>
        <line num="62" count="1" type="stmt"/>
        <line num="63" count="1" type="stmt"/>
        <line num="64" count="0" type="stmt"/>
        <line num="65" count="0" type="stmt"/>
        <line num="66" count="1" type="stmt"/>
        <line num="67" count="1" type="stmt"/>
        <line num="69" count="20" type="stmt"/>
        <line num="70" count="20" type="stmt"/>
        <line num="71" count="20" type="cond" truecount="1" falsecount="0"/>
        <line num="72" count="1" type="stmt"/>
        <line num="73" count="1" type="stmt"/>
        <line num="74" count="1" type="stmt"/>
        <line num="75" count="1" type="stmt"/>
        <line num="76" count="1" type="stmt"/>
        <line num="77" count="1" type="stmt"/>
        <line num="78" count="1" type="stmt"/>
        <line num="79" count="1" type="stmt"/>
        <line num="80" count="1" type="stmt"/>
        <line num="81" count="1" type="stmt"/>
        <line num="82" count="1" type="stmt"/>
        <line num="83" count="1" type="stmt"/>
        <line num="84" count="1" type="stmt"/>
        <line num="85" count="1" type="stmt"/>
        <line num="86" count="1" type="stmt"/>
        <line num="87" count="1" type="stmt"/>
        <line num="88" count="1" type="stmt"/>
        <line num="91" count="20" type="stmt"/>
        <line num="92" count="20" type="stmt"/>
        <line num="93" count="20" type="stmt"/>
        <line num="94" count="20" type="stmt"/>
        <line num="95" count="20" type="stmt"/>
        <line num="96" count="20" type="stmt"/>
        <line num="97" count="20" type="stmt"/>
        <line num="99" count="20" type="stmt"/>
        <line num="100" count="20" type="stmt"/>
        <line num="101" count="20" type="stmt"/>
        <line num="102" count="20" type="stmt"/>
        <line num="103" count="20" type="stmt"/>
        <line num="104" count="20" type="stmt"/>
        <line num="105" count="20" type="stmt"/>
        <line num="106" count="20" type="stmt"/>
        <line num="107" count="20" type="stmt"/>
        <line num="108" count="20" type="stmt"/>
        <line num="109" count="20" type="stmt"/>
        <line num="110" count="20" type="stmt"/>
        <line num="111" count="20" type="stmt"/>
        <line num="113" count="20" type="stmt"/>
        <line num="114" count="20" type="stmt"/>
        <line num="115" count="20" type="stmt"/>
        <line num="117" count="20" type="cond" truecount="1" falsecount="0"/>
        <line num="118" count="40" type="stmt"/>
        <line num="119" count="40" type="stmt"/>
        <line num="120" count="40" type="stmt"/>
        <line num="121" count="40" type="cond" truecount="1" falsecount="0"/>
        <line num="122" count="160" type="stmt"/>
        <line num="123" count="160" type="stmt"/>
        <line num="124" count="160" type="stmt"/>
        <line num="125" count="160" type="stmt"/>
        <line num="126" count="160" type="stmt"/>
        <line num="127" count="160" type="cond" truecount="1" falsecount="0"/>
        <line num="128" count="1" type="stmt"/>
        <line num="129" count="1" type="stmt"/>
        <line num="130" count="1" type="stmt"/>
        <line num="131" count="1" type="stmt"/>
        <line num="132" count="160" type="stmt"/>
        <line num="133" count="160" type="stmt"/>
        <line num="134" count="160" type="stmt"/>
        <line num="135" count="160" type="stmt"/>
        <line num="136" count="160" type="stmt"/>
        <line num="137" count="160" type="stmt"/>
        <line num="138" count="160" type="stmt"/>
        <line num="139" count="160" type="cond" truecount="1" falsecount="0"/>
        <line num="140" count="160" type="stmt"/>
        <line num="142" count="160" type="stmt"/>
        <line num="143" count="160" type="stmt"/>
        <line num="144" count="40" type="stmt"/>
        <line num="145" count="40" type="stmt"/>
        <line num="146" count="40" type="stmt"/>
        <line num="147" count="20" type="stmt"/>
        <line num="148" count="20" type="stmt"/>
        <line num="151" count="20" type="stmt"/>
        <line num="152" count="20" type="stmt"/>
        <line num="153" count="20" type="stmt"/>
        <line num="154" count="20" type="stmt"/>
        <line num="155" count="20" type="stmt"/>
        <line num="156" count="20" type="stmt"/>
        <line num="157" count="20" type="stmt"/>
        <line num="158" count="20" type="stmt"/>
        <line num="159" count="20" type="stmt"/>
        <line num="160" count="20" type="stmt"/>
        <line num="162" count="20" type="cond" truecount="1" falsecount="0"/>
        <line num="163" count="7" type="stmt"/>
        <line num="165" count="7" type="cond" truecount="1" falsecount="0"/>
        <line num="167" count="13" type="stmt"/>
        <line num="168" count="13" type="stmt"/>
        <line num="169" count="13" type="cond" truecount="1" falsecount="0"/>
        <line num="170" count="14" type="stmt"/>
        <line num="171" count="14" type="stmt"/>
        <line num="172" count="14" type="stmt"/>
        <line num="173" count="14" type="stmt"/>
        <line num="174" count="14" type="stmt"/>
        <line num="175" count="14" type="stmt"/>
        <line num="176" count="14" type="stmt"/>
        <line num="177" count="14" type="cond" truecount="1" falsecount="0"/>
        <line num="178" count="14" type="stmt"/>
        <line num="179" count="14" type="stmt"/>
        <line num="180" count="14" type="stmt"/>
        <line num="181" count="14" type="stmt"/>
        <line num="182" count="14" type="stmt"/>
        <line num="183" count="14" type="stmt"/>
        <line num="184" count="14" type="stmt"/>
        <line num="185" count="14" type="stmt"/>
        <line num="186" count="14" type="stmt"/>
        <line num="187" count="14" type="stmt"/>
        <line num="188" count="14" type="stmt"/>
        <line num="190" count="14" type="stmt"/>
        <line num="191" count="14" type="stmt"/>
        <line num="192" count="14" type="stmt"/>
        <line num="193" count="14" type="cond" truecount="1" falsecount="0"/>
        <line num="194" count="14" type="stmt"/>
        <line num="195" count="14" type="stmt"/>
        <line num="196" count="14" type="stmt"/>
        <line num="197" count="14" type="stmt"/>
        <line num="198" count="14" type="stmt"/>
        <line num="199" count="14" type="stmt"/>
        <line num="200" count="14" type="stmt"/>
        <line num="201" count="14" type="stmt"/>
        <line num="202" count="14" type="stmt"/>
        <line num="203" count="14" type="stmt"/>
        <line num="204" count="14" type="stmt"/>
        <line num="206" count="14" type="stmt"/>
        <line num="207" count="14" type="stmt"/>
        <line num="208" count="14" type="stmt"/>
        <line num="209" count="13" type="stmt"/>
        <line num="210" count="13" type="stmt"/>
        <line num="212" count="13" type="stmt"/>
        <line num="213" count="13" type="stmt"/>
        <line num="214" count="13" type="stmt"/>
        <line num="215" count="13" type="stmt"/>
        <line num="216" count="13" type="stmt"/>
        <line num="217" count="13" type="stmt"/>
        <line num="219" count="13" type="stmt"/>
        <line num="220" count="13" type="stmt"/>
        <line num="221" count="13" type="stmt"/>
        <line num="222" count="13" type="stmt"/>
        <line num="224" count="13" type="stmt"/>
        <line num="225" count="13" type="stmt"/>
        <line num="227" count="20" type="stmt"/>
        <line num="228" count="20" type="stmt"/>
        <line num="230" count="20" type="cond" truecount="1" falsecount="0"/>
        <line num="231" count="8" type="stmt"/>
        <line num="232" count="8" type="stmt"/>
        <line num="233" count="8" type="stmt"/>
        <line num="234" count="8" type="stmt"/>
        <line num="235" count="8" type="stmt"/>
        <line num="236" count="8" type="stmt"/>
        <line num="237" count="8" type="stmt"/>
        <line num="238" count="8" type="stmt"/>
        <line num="239" count="8" type="stmt"/>
        <line num="240" count="8" type="stmt"/>
        <line num="241" count="8" type="stmt"/>
        <line num="242" count="8" type="stmt"/>
        <line num="243" count="8" type="stmt"/>
        <line num="244" count="8" type="stmt"/>
        <line num="245" count="8" type="stmt"/>
        <line num="246" count="8" type="stmt"/>
        <line num="247" count="8" type="stmt"/>
        <line num="248" count="8" type="stmt"/>
        <line num="249" count="8" type="stmt"/>
        <line num="250" count="8" type="stmt"/>
        <line num="251" count="8" type="stmt"/>
        <line num="252" count="8" type="stmt"/>
        <line num="253" count="8" type="stmt"/>
        <line num="254" count="8" type="stmt"/>
        <line num="255" count="8" type="stmt"/>
        <line num="256" count="8" type="stmt"/>
        <line num="257" count="8" type="stmt"/>
        <line num="258" count="8" type="stmt"/>
        <line num="260" count="8" type="stmt"/>
        <line num="261" count="8" type="stmt"/>
        <line num="262" count="8" type="cond" truecount="1" falsecount="0"/>
        <line num="263" count="8" type="stmt"/>
        <line num="264" count="8" type="stmt"/>
        <line num="266" count="8" type="stmt"/>
        <line num="267" count="8" type="stmt"/>
        <line num="268" count="8" type="stmt"/>
        <line num="270" count="20" type="stmt"/>
        <line num="272" count="20" type="stmt"/>
        <line num="274" count="1" type="stmt"/>
      </file>
      <file name="OrdersPage.tsx" path="/Users/forestmars/sandbox/coffee/src/pages/OrdersPage.tsx">
        <metrics statements="154" coveredstatements="154" conditionals="21" coveredconditionals="19" methods="9" coveredmethods="7"/>
        <line num="1" count="1" type="stmt"/>
        <line num="2" count="1" type="stmt"/>
        <line num="3" count="1" type="stmt"/>
        <line num="5" count="1" type="cond" truecount="1" falsecount="0"/>
        <line num="6" count="21" type="stmt"/>
        <line num="7" count="21" type="stmt"/>
        <line num="9" count="21" type="cond" truecount="1" falsecount="0"/>
        <line num="10" count="21" type="stmt"/>
        <line num="11" count="21" type="stmt"/>
        <line num="13" count="21" type="cond" truecount="1" falsecount="0"/>
        <line num="14" count="24" type="stmt"/>
        <line num="15" count="24" type="stmt"/>
        <line num="17" count="21" type="cond" truecount="1" falsecount="0"/>
        <line num="18" count="72" type="stmt"/>
        <line num="19" count="72" type="cond" truecount="1" falsecount="0"/>
        <line num="20" count="72" type="cond" truecount="1" falsecount="0"/>
        <line num="21" count="72" type="cond" truecount="1" falsecount="0"/>
        <line num="22" count="72" type="cond" truecount="0" falsecount="1"/>
        <line num="23" count="72" type="stmt"/>
        <line num="24" count="72" type="stmt"/>
        <line num="26" count="21" type="cond" truecount="1" falsecount="0"/>
        <line num="27" count="24" type="stmt"/>
        <line num="28" count="24" type="cond" truecount="1" falsecount="0"/>
        <line num="29" count="24" type="cond" truecount="1" falsecount="0"/>
        <line num="30" count="24" type="cond" truecount="1" falsecount="0"/>
        <line num="31" count="24" type="cond" truecount="0" falsecount="1"/>
        <line num="32" count="24" type="stmt"/>
        <line num="33" count="24" type="stmt"/>
        <line num="35" count="21" type="stmt"/>
        <line num="36" count="21" type="stmt"/>
        <line num="37" count="21" type="stmt"/>
        <line num="38" count="21" type="stmt"/>
        <line num="39" count="21" type="stmt"/>
        <line num="40" count="21" type="stmt"/>
        <line num="41" count="21" type="stmt"/>
        <line num="42" count="21" type="stmt"/>
        <line num="43" count="21" type="stmt"/>
        <line num="44" count="21" type="stmt"/>
        <line num="45" count="21" type="stmt"/>
        <line num="46" count="21" type="stmt"/>
        <line num="47" count="21" type="stmt"/>
        <line num="48" count="21" type="stmt"/>
        <line num="50" count="21" type="stmt"/>
        <line num="51" count="21" type="stmt"/>
        <line num="52" count="21" type="stmt"/>
        <line num="54" count="21" type="cond" truecount="1" falsecount="0"/>
        <line num="55" count="4" type="stmt"/>
        <line num="56" count="4" type="stmt"/>
        <line num="57" count="4" type="stmt"/>
        <line num="58" count="4" type="stmt"/>
        <line num="59" count="4" type="stmt"/>
        <line num="61" count="4" type="stmt"/>
        <line num="62" count="4" type="cond" truecount="1" falsecount="0"/>
        <line num="64" count="17" type="stmt"/>
        <line num="65" count="17" type="cond" truecount="1" falsecount="0"/>
        <line num="66" count="24" type="stmt"/>
        <line num="67" count="24" type="stmt"/>
        <line num="68" count="24" type="stmt"/>
        <line num="69" count="24" type="stmt"/>
        <line num="70" count="24" type="stmt"/>
        <line num="71" count="24" type="stmt"/>
        <line num="72" count="24" type="stmt"/>
        <line num="73" count="24" type="stmt"/>
        <line num="74" count="24" type="stmt"/>
        <line num="75" count="24" type="stmt"/>
        <line num="76" count="24" type="stmt"/>
        <line num="77" count="24" type="stmt"/>
        <line num="78" count="24" type="stmt"/>
        <line num="79" count="24" type="stmt"/>
        <line num="80" count="24" type="stmt"/>
        <line num="81" count="24" type="stmt"/>
        <line num="82" count="24" type="stmt"/>
        <line num="83" count="24" type="stmt"/>
        <line num="84" count="24" type="stmt"/>
        <line num="85" count="24" type="stmt"/>
        <line num="86" count="24" type="stmt"/>
        <line num="87" count="24" type="stmt"/>
        <line num="88" count="24" type="stmt"/>
        <line num="89" count="24" type="stmt"/>
        <line num="90" count="24" type="stmt"/>
        <line num="91" count="24" type="stmt"/>
        <line num="92" count="24" type="stmt"/>
        <line num="93" count="24" type="stmt"/>
        <line num="94" count="24" type="stmt"/>
        <line num="95" count="24" type="stmt"/>
        <line num="97" count="24" type="stmt"/>
        <line num="98" count="24" type="cond" truecount="1" falsecount="0"/>
        <line num="99" count="48" type="stmt"/>
        <line num="100" count="48" type="stmt"/>
        <line num="101" count="48" type="stmt"/>
        <line num="102" count="48" type="stmt"/>
        <line num="103" count="48" type="stmt"/>
        <line num="104" count="48" type="stmt"/>
        <line num="105" count="48" type="stmt"/>
        <line num="106" count="48" type="stmt"/>
        <line num="107" count="48" type="stmt"/>
        <line num="108" count="48" type="stmt"/>
        <line num="109" count="48" type="stmt"/>
        <line num="110" count="48" type="stmt"/>
        <line num="111" count="48" type="stmt"/>
        <line num="112" count="48" type="stmt"/>
        <line num="113" count="48" type="stmt"/>
        <line num="114" count="48" type="stmt"/>
        <line num="115" count="24" type="stmt"/>
        <line num="116" count="24" type="stmt"/>
        <line num="118" count="24" type="stmt"/>
        <line num="119" count="24" type="stmt"/>
        <line num="120" count="24" type="stmt"/>
        <line num="121" count="24" type="stmt"/>
        <line num="122" count="24" type="stmt"/>
        <line num="123" count="24" type="stmt"/>
        <line num="124" count="24" type="stmt"/>
        <line num="125" count="24" type="stmt"/>
        <line num="126" count="24" type="stmt"/>
        <line num="127" count="24" type="stmt"/>
        <line num="129" count="24" type="stmt"/>
        <line num="130" count="24" type="cond" truecount="1" falsecount="0"/>
        <line num="131" count="15" type="stmt"/>
        <line num="132" count="15" type="stmt"/>
        <line num="133" count="15" type="cond" truecount="1" falsecount="0"/>
        <line num="134" count="15" type="stmt"/>
        <line num="135" count="15" type="stmt"/>
        <line num="136" count="15" type="stmt"/>
        <line num="137" count="15" type="stmt"/>
        <line num="138" count="15" type="stmt"/>
        <line num="139" count="15" type="stmt"/>
        <line num="141" count="15" type="stmt"/>
        <line num="142" count="15" type="stmt"/>
        <line num="143" count="15" type="cond" truecount="1" falsecount="0"/>
        <line num="144" count="15" type="stmt"/>
        <line num="145" count="15" type="stmt"/>
        <line num="146" count="15" type="stmt"/>
        <line num="147" count="15" type="stmt"/>
        <line num="148" count="15" type="stmt"/>
        <line num="149" count="15" type="stmt"/>
        <line num="151" count="15" type="stmt"/>
        <line num="152" count="15" type="stmt"/>
        <line num="154" count="24" type="stmt"/>
        <line num="155" count="24" type="cond" truecount="1" falsecount="0"/>
        <line num="156" count="24" type="stmt"/>
        <line num="157" count="24" type="stmt"/>
        <line num="158" count="24" type="stmt"/>
        <line num="159" count="24" type="stmt"/>
        <line num="160" count="24" type="stmt"/>
        <line num="161" count="24" type="stmt"/>
        <line num="163" count="24" type="stmt"/>
        <line num="164" count="24" type="stmt"/>
        <line num="165" count="24" type="stmt"/>
        <line num="166" count="24" type="stmt"/>
        <line num="167" count="17" type="stmt"/>
        <line num="168" count="17" type="stmt"/>
        <line num="170" count="21" type="stmt"/>
        <line num="172" count="21" type="stmt"/>
        <line num="174" count="1" type="stmt"/>
      </file>
    </package>
    <package name="src.store">
      <metrics statements="93" coveredstatements="90" conditionals="43" coveredconditionals="38" methods="12" coveredmethods="12"/>
      <file name="useOrderStore.ts" path="/Users/forestmars/sandbox/coffee/src/store/useOrderStore.ts">
        <metrics statements="93" coveredstatements="90" conditionals="43" coveredconditionals="38" methods="12" coveredmethods="12"/>
        <line num="1" count="1" type="stmt"/>
        <line num="50" count="1" type="cond" truecount="1" falsecount="0"/>
        <line num="51" count="4" type="stmt"/>
        <line num="52" count="4" type="stmt"/>
        <line num="53" count="4" type="stmt"/>
        <line num="54" count="4" type="stmt"/>
        <line num="56" count="4" type="cond" truecount="1" falsecount="0"/>
        <line num="57" count="14" type="cond" truecount="1" falsecount="0"/>
        <line num="58" count="14" type="cond" truecount="1" falsecount="0"/>
        <line num="59" count="14" type="cond" truecount="1" falsecount="0"/>
        <line num="60" count="3" type="stmt"/>
        <line num="61" count="3" type="cond" truecount="1" falsecount="0"/>
        <line num="62" count="4" type="cond" truecount="2" falsecount="0"/>
        <line num="63" count="3" type="stmt"/>
        <line num="64" count="3" type="stmt"/>
        <line num="65" count="3" type="cond" truecount="1" falsecount="0"/>
        <line num="66" count="11" type="stmt"/>
        <line num="67" count="14" type="stmt"/>
        <line num="69" count="4" type="cond" truecount="1" falsecount="0"/>
        <line num="70" count="2" type="cond" truecount="1" falsecount="0"/>
        <line num="71" count="2" type="cond" truecount="1" falsecount="0"/>
        <line num="72" count="2" type="cond" truecount="1" falsecount="0"/>
        <line num="73" count="1" type="stmt"/>
        <line num="74" count="1" type="cond" truecount="1" falsecount="0"/>
        <line num="75" count="1" type="cond" truecount="0" falsecount="1"/>
        <line num="76" count="1" type="stmt"/>
        <line num="77" count="1" type="stmt"/>
        <line num="78" count="1" type="stmt"/>
        <line num="79" count="1" type="cond" truecount="1" falsecount="0"/>
        <line num="80" count="2" type="stmt"/>
        <line num="82" count="4" type="cond" truecount="1" falsecount="0"/>
        <line num="84" count="4" type="cond" truecount="2" falsecount="0"/>
        <line num="86" count="4" type="cond" truecount="1" falsecount="0"/>
        <line num="87" count="4" type="cond" truecount="1" falsecount="0"/>
        <line num="89" count="4" type="cond" truecount="1" falsecount="0"/>
        <line num="90" count="2" type="stmt"/>
        <line num="91" count="2" type="stmt"/>
        <line num="92" count="2" type="cond" truecount="1" falsecount="0"/>
        <line num="93" count="1" type="stmt"/>
        <line num="94" count="1" type="stmt"/>
        <line num="95" count="1" type="stmt"/>
        <line num="96" count="2" type="cond" truecount="0" falsecount="1"/>
        <line num="98" count="0" type="stmt"/>
        <line num="99" count="2" type="stmt"/>
        <line num="101" count="4" type="cond" truecount="1" falsecount="0"/>
        <line num="102" count="3" type="stmt"/>
        <line num="103" count="3" type="stmt"/>
        <line num="104" count="3" type="stmt"/>
        <line num="105" count="3" type="cond" truecount="1" falsecount="0"/>
        <line num="107" count="1" type="stmt"/>
        <line num="108" count="3" type="stmt"/>
        <line num="110" count="4" type="cond" truecount="1" falsecount="0"/>
        <line num="111" count="3" type="stmt"/>
        <line num="112" count="3" type="cond" truecount="2" falsecount="0"/>
        <line num="113" count="2" type="stmt"/>
        <line num="114" count="2" type="stmt"/>
        <line num="115" count="2" type="cond" truecount="1" falsecount="0"/>
        <line num="116" count="2" type="cond" truecount="1" falsecount="0"/>
        <line num="117" count="2" type="stmt"/>
        <line num="118" count="2" type="stmt"/>
        <line num="119" count="2" type="stmt"/>
        <line num="121" count="2" type="stmt"/>
        <line num="122" count="3" type="cond" truecount="0" falsecount="1"/>
        <line num="123" count="3" type="stmt"/>
        <line num="124" count="3" type="stmt"/>
        <line num="125" count="3" type="stmt"/>
        <line num="126" count="3" type="stmt"/>
        <line num="127" count="3" type="stmt"/>
        <line num="128" count="3" type="cond" truecount="1" falsecount="0"/>
        <line num="129" count="1" type="stmt"/>
        <line num="130" count="1" type="stmt"/>
        <line num="131" count="3" type="stmt"/>
        <line num="133" count="4" type="cond" truecount="1" falsecount="0"/>
        <line num="134" count="2" type="stmt"/>
        <line num="135" count="2" type="cond" truecount="1" falsecount="0"/>
        <line num="136" count="2" type="stmt"/>
        <line num="137" count="2" type="cond" truecount="0" falsecount="1"/>
        <line num="138" count="0" type="stmt"/>
        <line num="139" count="0" type="stmt"/>
        <line num="140" count="2" type="stmt"/>
        <line num="142" count="4" type="cond" truecount="1" falsecount="0"/>
        <line num="143" count="1" type="cond" truecount="1" falsecount="0"/>
        <line num="144" count="1" type="cond" truecount="1" falsecount="1"/>
        <line num="145" count="1" type="stmt"/>
        <line num="146" count="1" type="stmt"/>
        <line num="147" count="1" type="stmt"/>
        <line num="149" count="4" type="cond" truecount="1" falsecount="0"/>
        <line num="150" count="1" type="cond" truecount="1" falsecount="0"/>
        <line num="151" count="1" type="cond" truecount="1" falsecount="0"/>
        <line num="152" count="1" type="stmt"/>
        <line num="153" count="1" type="stmt"/>
        <line num="154" count="1" type="stmt"/>
        <line num="155" count="1" type="stmt"/>
      </file>
    </package>
  </project>
</coverage>
