{"/Users/forestmars/sandbox/coffee/__mocks__/styleMock.js": {"path":"/Users/forestmars/sandbox/coffee/__mocks__/styleMock.js","all":true,"statementMap":{"0":{"start":{"line":1,"column":0},"end":{"line":1,"column":20}}},"s":{"0":0},"branchMap":{"0":{"type":"branch","line":1,"loc":{"start":{"line":1,"column":20},"end":{"line":1,"column":20}},"locations":[{"start":{"line":1,"column":20},"end":{"line":1,"column":20}}]}},"b":{"0":[0]},"fnMap":{"0":{"name":"(empty-report)","decl":{"start":{"line":1,"column":20},"end":{"line":1,"column":20}},"loc":{"start":{"line":1,"column":20},"end":{"line":1,"column":20}},"line":1}},"f":{"0":0}}
,"/Users/forestmars/sandbox/coffee/src/App.tsx": {"path":"/Users/forestmars/sandbox/coffee/src/App.tsx","all":false,"statementMap":{"0":{"start":{"line":1,"column":0},"end":{"line":1,"column":26}},"1":{"start":{"line":2,"column":0},"end":{"line":2,"column":81}},"2":{"start":{"line":3,"column":0},"end":{"line":3,"column":28}},"3":{"start":{"line":4,"column":0},"end":{"line":4,"column":40}},"4":{"start":{"line":5,"column":0},"end":{"line":5,"column":40}},"5":{"start":{"line":6,"column":0},"end":{"line":6,"column":44}},"11":{"start":{"line":12,"column":0},"end":{"line":12,"column":53}},"12":{"start":{"line":13,"column":0},"end":{"line":13,"column":50}},"13":{"start":{"line":14,"column":0},"end":{"line":14,"column":10}},"14":{"start":{"line":15,"column":0},"end":{"line":15,"column":12}},"15":{"start":{"line":16,"column":0},"end":{"line":16,"column":14}},"16":{"start":{"line":17,"column":0},"end":{"line":17,"column":82}},"17":{"start":{"line":18,"column":0},"end":{"line":18,"column":53}},"18":{"start":{"line":19,"column":0},"end":{"line":19,"column":90}},"19":{"start":{"line":20,"column":0},"end":{"line":20,"column":15}},"20":{"start":{"line":21,"column":0},"end":{"line":21,"column":13}},"22":{"start":{"line":23,"column":0},"end":{"line":23,"column":1}},"24":{"start":{"line":25,"column":0},"end":{"line":25,"column":19}}},"s":{"0":1,"1":1,"2":1,"3":1,"4":1,"5":1,"11":2,"12":2,"13":2,"14":2,"15":2,"16":2,"17":2,"18":2,"19":2,"20":2,"22":2,"24":1},"branchMap":{"0":{"type":"branch","line":12,"loc":{"start":{"line":12,"column":0},"end":{"line":23,"column":1}},"locations":[{"start":{"line":12,"column":0},"end":{"line":23,"column":1}}]},"1":{"type":"branch","line":13,"loc":{"start":{"line":13,"column":17},"end":{"line":13,"column":50}},"locations":[{"start":{"line":13,"column":17},"end":{"line":13,"column":50}}]}},"b":{"0":[2],"1":[1]},"fnMap":{"0":{"name":"App","decl":{"start":{"line":12,"column":0},"end":{"line":23,"column":1}},"loc":{"start":{"line":12,"column":0},"end":{"line":23,"column":1}},"line":12}},"f":{"0":2}}
,"/Users/forestmars/sandbox/coffee/src/main.tsx": {"path":"/Users/forestmars/sandbox/coffee/src/main.tsx","all":true,"statementMap":{"0":{"start":{"line":1,"column":0},"end":{"line":1,"column":34}},"1":{"start":{"line":2,"column":0},"end":{"line":2,"column":45}},"2":{"start":{"line":3,"column":0},"end":{"line":3,"column":20}},"3":{"start":{"line":4,"column":0},"end":{"line":4,"column":27}},"5":{"start":{"line":6,"column":0},"end":{"line":6,"column":52}},"6":{"start":{"line":7,"column":0},"end":{"line":7,"column":14}},"7":{"start":{"line":8,"column":0},"end":{"line":8,"column":11}},"8":{"start":{"line":9,"column":0},"end":{"line":9,"column":16}},"9":{"start":{"line":10,"column":0},"end":{"line":10,"column":1}}},"s":{"0":0,"1":0,"2":0,"3":0,"5":0,"6":0,"7":0,"8":0,"9":0},"branchMap":{"0":{"type":"branch","line":1,"loc":{"start":{"line":1,"column":229},"end":{"line":10,"column":1}},"locations":[{"start":{"line":1,"column":229},"end":{"line":10,"column":1}}]}},"b":{"0":[0]},"fnMap":{"0":{"name":"(empty-report)","decl":{"start":{"line":1,"column":229},"end":{"line":10,"column":1}},"loc":{"start":{"line":1,"column":229},"end":{"line":10,"column":1}},"line":1}},"f":{"0":0}}
,"/Users/forestmars/sandbox/coffee/src/pages/HomePage.tsx": {"path":"/Users/forestmars/sandbox/coffee/src/pages/HomePage.tsx","all":false,"statementMap":{"0":{"start":{"line":1,"column":0},"end":{"line":1,"column":26}},"1":{"start":{"line":2,"column":0},"end":{"line":2,"column":47}},"3":{"start":{"line":4,"column":0},"end":{"line":4,"column":111}},"5":{"start":{"line":6,"column":0},"end":{"line":6,"column":34}},"6":{"start":{"line":7,"column":0},"end":{"line":7,"column":33}},"8":{"start":{"line":9,"column":0},"end":{"line":9,"column":10}},"9":{"start":{"line":10,"column":0},"end":{"line":10,"column":74}},"10":{"start":{"line":11,"column":0},"end":{"line":11,"column":105}},"11":{"start":{"line":12,"column":0},"end":{"line":12,"column":100}},"13":{"start":{"line":14,"column":0},"end":{"line":14,"column":12}},"14":{"start":{"line":15,"column":0},"end":{"line":15,"column":131}},"15":{"start":{"line":16,"column":0},"end":{"line":16,"column":117}},"16":{"start":{"line":17,"column":0},"end":{"line":17,"column":231}},"17":{"start":{"line":18,"column":0},"end":{"line":18,"column":90}},"18":{"start":{"line":19,"column":0},"end":{"line":19,"column":93}},"19":{"start":{"line":20,"column":0},"end":{"line":20,"column":14}},"20":{"start":{"line":21,"column":0},"end":{"line":21,"column":12}},"21":{"start":{"line":22,"column":0},"end":{"line":22,"column":126}},"22":{"start":{"line":23,"column":0},"end":{"line":23,"column":73}},"23":{"start":{"line":24,"column":0},"end":{"line":24,"column":15}},"24":{"start":{"line":25,"column":0},"end":{"line":25,"column":178}},"25":{"start":{"line":26,"column":0},"end":{"line":26,"column":69}},"26":{"start":{"line":27,"column":0},"end":{"line":27,"column":15}},"27":{"start":{"line":28,"column":0},"end":{"line":28,"column":74}},"28":{"start":{"line":29,"column":0},"end":{"line":29,"column":112}},"29":{"start":{"line":30,"column":0},"end":{"line":30,"column":97}},"30":{"start":{"line":31,"column":0},"end":{"line":31,"column":76}},"31":{"start":{"line":32,"column":0},"end":{"line":32,"column":14}},"32":{"start":{"line":33,"column":0},"end":{"line":33,"column":112}},"33":{"start":{"line":34,"column":0},"end":{"line":34,"column":148}},"34":{"start":{"line":35,"column":0},"end":{"line":35,"column":74}},"35":{"start":{"line":36,"column":0},"end":{"line":36,"column":14}},"36":{"start":{"line":37,"column":0},"end":{"line":37,"column":112}},"37":{"start":{"line":38,"column":0},"end":{"line":38,"column":97}},"38":{"start":{"line":39,"column":0},"end":{"line":39,"column":73}},"39":{"start":{"line":40,"column":0},"end":{"line":40,"column":14}},"40":{"start":{"line":41,"column":0},"end":{"line":41,"column":12}},"41":{"start":{"line":42,"column":0},"end":{"line":42,"column":10}},"43":{"start":{"line":44,"column":0},"end":{"line":44,"column":2}},"45":{"start":{"line":46,"column":0},"end":{"line":46,"column":24}}},"s":{"0":1,"1":1,"3":1,"5":1,"6":1,"8":1,"9":1,"10":1,"11":1,"13":1,"14":1,"15":1,"16":1,"17":1,"18":1,"19":1,"20":1,"21":1,"22":1,"23":1,"24":1,"25":1,"26":1,"27":1,"28":1,"29":1,"30":1,"31":1,"32":1,"33":1,"34":1,"35":1,"36":1,"37":1,"38":1,"39":1,"40":1,"41":1,"43":1,"45":1},"branchMap":{"0":{"type":"branch","line":6,"loc":{"start":{"line":6,"column":27},"end":{"line":44,"column":2}},"locations":[{"start":{"line":6,"column":27},"end":{"line":44,"column":2}}]}},"b":{"0":[1]},"fnMap":{"0":{"name":"HomePage","decl":{"start":{"line":6,"column":27},"end":{"line":44,"column":2}},"loc":{"start":{"line":6,"column":27},"end":{"line":44,"column":2}},"line":6},"1":{"name":"onClick","decl":{"start":{"line":22,"column":101},"end":{"line":22,"column":126}},"loc":{"start":{"line":22,"column":101},"end":{"line":22,"column":126}},"line":22},"2":{"name":"onClick","decl":{"start":{"line":25,"column":151},"end":{"line":25,"column":178}},"loc":{"start":{"line":25,"column":151},"end":{"line":25,"column":178}},"line":25}},"f":{"0":1,"1":0,"2":0}}
,"/Users/forestmars/sandbox/coffee/src/pages/MenuPage.tsx": {"path":"/Users/forestmars/sandbox/coffee/src/pages/MenuPage.tsx","all":false,"statementMap":{"0":{"start":{"line":1,"column":0},"end":{"line":1,"column":41}},"1":{"start":{"line":2,"column":0},"end":{"line":2,"column":47}},"2":{"start":{"line":3,"column":0},"end":{"line":3,"column":55}},"5":{"start":{"line":6,"column":0},"end":{"line":6,"column":18}},"6":{"start":{"line":7,"column":0},"end":{"line":7,"column":3}},"7":{"start":{"line":8,"column":0},"end":{"line":8,"column":23}},"8":{"start":{"line":9,"column":0},"end":{"line":9,"column":12}},"9":{"start":{"line":10,"column":0},"end":{"line":10,"column":148}},"10":{"start":{"line":11,"column":0},"end":{"line":11,"column":142}},"11":{"start":{"line":12,"column":0},"end":{"line":12,"column":144}},"12":{"start":{"line":13,"column":0},"end":{"line":13,"column":152}},"13":{"start":{"line":14,"column":0},"end":{"line":14,"column":6}},"14":{"start":{"line":15,"column":0},"end":{"line":15,"column":4}},"15":{"start":{"line":16,"column":0},"end":{"line":16,"column":3}},"16":{"start":{"line":17,"column":0},"end":{"line":17,"column":23}},"17":{"start":{"line":18,"column":0},"end":{"line":18,"column":12}},"18":{"start":{"line":19,"column":0},"end":{"line":19,"column":145}},"19":{"start":{"line":20,"column":0},"end":{"line":20,"column":148}},"20":{"start":{"line":21,"column":0},"end":{"line":21,"column":148}},"21":{"start":{"line":22,"column":0},"end":{"line":22,"column":147}},"22":{"start":{"line":23,"column":0},"end":{"line":23,"column":6}},"23":{"start":{"line":24,"column":0},"end":{"line":24,"column":4}},"24":{"start":{"line":25,"column":0},"end":{"line":25,"column":2}},"26":{"start":{"line":27,"column":0},"end":{"line":27,"column":34}},"27":{"start":{"line":28,"column":0},"end":{"line":28,"column":33}},"28":{"start":{"line":29,"column":0},"end":{"line":29,"column":9}},"29":{"start":{"line":30,"column":0},"end":{"line":30,"column":9}},"30":{"start":{"line":31,"column":0},"end":{"line":31,"column":14}},"31":{"start":{"line":32,"column":0},"end":{"line":32,"column":19}},"32":{"start":{"line":33,"column":0},"end":{"line":33,"column":18}},"33":{"start":{"line":34,"column":0},"end":{"line":34,"column":21}},"34":{"start":{"line":35,"column":0},"end":{"line":35,"column":24}},"35":{"start":{"line":36,"column":0},"end":{"line":36,"column":21}},"36":{"start":{"line":37,"column":0},"end":{"line":37,"column":24}},"37":{"start":{"line":38,"column":0},"end":{"line":38,"column":20}},"38":{"start":{"line":39,"column":0},"end":{"line":39,"column":22}},"39":{"start":{"line":40,"column":0},"end":{"line":40,"column":19}},"40":{"start":{"line":41,"column":0},"end":{"line":41,"column":22}},"43":{"start":{"line":44,"column":0},"end":{"line":44,"column":19}},"44":{"start":{"line":45,"column":0},"end":{"line":45,"column":22}},"45":{"start":{"line":46,"column":0},"end":{"line":46,"column":24}},"48":{"start":{"line":49,"column":0},"end":{"line":49,"column":19}},"49":{"start":{"line":50,"column":0},"end":{"line":50,"column":24}},"50":{"start":{"line":51,"column":0},"end":{"line":51,"column":32}},"52":{"start":{"line":53,"column":0},"end":{"line":53,"column":32}},"53":{"start":{"line":54,"column":0},"end":{"line":54,"column":34}},"54":{"start":{"line":55,"column":0},"end":{"line":55,"column":30}},"55":{"start":{"line":56,"column":0},"end":{"line":56,"column":4}},"57":{"start":{"line":58,"column":0},"end":{"line":58,"column":34}},"58":{"start":{"line":59,"column":0},"end":{"line":59,"column":35}},"59":{"start":{"line":60,"column":0},"end":{"line":60,"column":23}},"60":{"start":{"line":61,"column":0},"end":{"line":61,"column":31}},"61":{"start":{"line":62,"column":0},"end":{"line":62,"column":30}},"62":{"start":{"line":63,"column":0},"end":{"line":63,"column":22}},"63":{"start":{"line":64,"column":0},"end":{"line":64,"column":33}},"64":{"start":{"line":65,"column":0},"end":{"line":65,"column":26}},"65":{"start":{"line":66,"column":0},"end":{"line":66,"column":13}},"66":{"start":{"line":67,"column":0},"end":{"line":67,"column":4}},"68":{"start":{"line":69,"column":0},"end":{"line":69,"column":10}},"69":{"start":{"line":70,"column":0},"end":{"line":70,"column":6}},"70":{"start":{"line":71,"column":0},"end":{"line":71,"column":28}},"71":{"start":{"line":72,"column":0},"end":{"line":72,"column":21}},"72":{"start":{"line":73,"column":0},"end":{"line":73,"column":28}},"73":{"start":{"line":74,"column":0},"end":{"line":74,"column":22}},"74":{"start":{"line":75,"column":0},"end":{"line":75,"column":24}},"75":{"start":{"line":76,"column":0},"end":{"line":76,"column":32}},"76":{"start":{"line":77,"column":0},"end":{"line":77,"column":25}},"77":{"start":{"line":78,"column":0},"end":{"line":78,"column":33}},"78":{"start":{"line":79,"column":0},"end":{"line":79,"column":33}},"79":{"start":{"line":80,"column":0},"end":{"line":80,"column":51}},"80":{"start":{"line":81,"column":0},"end":{"line":81,"column":23}},"81":{"start":{"line":82,"column":0},"end":{"line":82,"column":26}},"82":{"start":{"line":83,"column":0},"end":{"line":83,"column":31}},"83":{"start":{"line":84,"column":0},"end":{"line":84,"column":23}},"84":{"start":{"line":85,"column":0},"end":{"line":85,"column":11}},"85":{"start":{"line":86,"column":0},"end":{"line":86,"column":24}},"86":{"start":{"line":87,"column":0},"end":{"line":87,"column":49}},"87":{"start":{"line":88,"column":0},"end":{"line":88,"column":14}},"90":{"start":{"line":91,"column":0},"end":{"line":91,"column":44}},"91":{"start":{"line":92,"column":0},"end":{"line":92,"column":25}},"92":{"start":{"line":93,"column":0},"end":{"line":93,"column":21}},"93":{"start":{"line":94,"column":0},"end":{"line":94,"column":25}},"94":{"start":{"line":95,"column":0},"end":{"line":95,"column":28}},"95":{"start":{"line":96,"column":0},"end":{"line":96,"column":25}},"96":{"start":{"line":97,"column":0},"end":{"line":97,"column":9}},"98":{"start":{"line":99,"column":0},"end":{"line":99,"column":71}},"99":{"start":{"line":100,"column":0},"end":{"line":100,"column":87}},"100":{"start":{"line":101,"column":0},"end":{"line":101,"column":20}},"101":{"start":{"line":102,"column":0},"end":{"line":102,"column":43}},"102":{"start":{"line":103,"column":0},"end":{"line":103,"column":23}},"103":{"start":{"line":104,"column":0},"end":{"line":104,"column":36}},"104":{"start":{"line":105,"column":0},"end":{"line":105,"column":32}},"105":{"start":{"line":106,"column":0},"end":{"line":106,"column":36}},"106":{"start":{"line":107,"column":0},"end":{"line":107,"column":34}},"107":{"start":{"line":108,"column":0},"end":{"line":108,"column":36}},"108":{"start":{"line":109,"column":0},"end":{"line":109,"column":38}},"109":{"start":{"line":110,"column":0},"end":{"line":110,"column":16}},"110":{"start":{"line":111,"column":0},"end":{"line":111,"column":13}},"112":{"start":{"line":113,"column":0},"end":{"line":113,"column":21}},"113":{"start":{"line":114,"column":0},"end":{"line":114,"column":71}},"114":{"start":{"line":115,"column":0},"end":{"line":115,"column":16}},"116":{"start":{"line":117,"column":0},"end":{"line":117,"column":34}},"117":{"start":{"line":118,"column":0},"end":{"line":118,"column":69}},"118":{"start":{"line":119,"column":0},"end":{"line":119,"column":75}},"119":{"start":{"line":120,"column":0},"end":{"line":120,"column":85}},"120":{"start":{"line":121,"column":0},"end":{"line":121,"column":42}},"121":{"start":{"line":122,"column":0},"end":{"line":122,"column":183}},"122":{"start":{"line":123,"column":0},"end":{"line":123,"column":25}},"123":{"start":{"line":124,"column":0},"end":{"line":124,"column":39}},"124":{"start":{"line":125,"column":0},"end":{"line":125,"column":38}},"125":{"start":{"line":126,"column":0},"end":{"line":126,"column":120}},"126":{"start":{"line":127,"column":0},"end":{"line":127,"column":39}},"127":{"start":{"line":128,"column":0},"end":{"line":128,"column":68}},"128":{"start":{"line":129,"column":0},"end":{"line":129,"column":46}},"129":{"start":{"line":130,"column":0},"end":{"line":130,"column":121}},"130":{"start":{"line":131,"column":0},"end":{"line":131,"column":24}},"131":{"start":{"line":132,"column":0},"end":{"line":132,"column":22}},"132":{"start":{"line":133,"column":0},"end":{"line":133,"column":45}},"133":{"start":{"line":134,"column":0},"end":{"line":134,"column":72}},"134":{"start":{"line":135,"column":0},"end":{"line":135,"column":101}},"135":{"start":{"line":136,"column":0},"end":{"line":136,"column":26}},"136":{"start":{"line":137,"column":0},"end":{"line":137,"column":28}},"137":{"start":{"line":138,"column":0},"end":{"line":138,"column":47}},"138":{"start":{"line":139,"column":0},"end":{"line":139,"column":53}},"139":{"start":{"line":140,"column":0},"end":{"line":140,"column":21}},"141":{"start":{"line":142,"column":0},"end":{"line":142,"column":29}},"142":{"start":{"line":143,"column":0},"end":{"line":143,"column":24}},"143":{"start":{"line":144,"column":0},"end":{"line":144,"column":19}},"144":{"start":{"line":145,"column":0},"end":{"line":145,"column":20}},"145":{"start":{"line":146,"column":0},"end":{"line":146,"column":18}},"146":{"start":{"line":147,"column":0},"end":{"line":147,"column":13}},"147":{"start":{"line":148,"column":0},"end":{"line":148,"column":14}},"150":{"start":{"line":151,"column":0},"end":{"line":151,"column":47}},"151":{"start":{"line":152,"column":0},"end":{"line":152,"column":22}},"152":{"start":{"line":153,"column":0},"end":{"line":153,"column":33}},"153":{"start":{"line":154,"column":0},"end":{"line":154,"column":29}},"154":{"start":{"line":155,"column":0},"end":{"line":155,"column":32}},"155":{"start":{"line":156,"column":0},"end":{"line":156,"column":33}},"156":{"start":{"line":157,"column":0},"end":{"line":157,"column":29}},"157":{"start":{"line":158,"column":0},"end":{"line":158,"column":21}},"158":{"start":{"line":159,"column":0},"end":{"line":159,"column":11}},"159":{"start":{"line":160,"column":0},"end":{"line":160,"column":86}},"161":{"start":{"line":162,"column":0},"end":{"line":162,"column":32}},"162":{"start":{"line":163,"column":0},"end":{"line":163,"column":83}},"164":{"start":{"line":165,"column":0},"end":{"line":165,"column":18}},"166":{"start":{"line":167,"column":0},"end":{"line":167,"column":14}},"167":{"start":{"line":168,"column":0},"end":{"line":168,"column":87}},"168":{"start":{"line":169,"column":0},"end":{"line":169,"column":37}},"169":{"start":{"line":170,"column":0},"end":{"line":170,"column":173}},"170":{"start":{"line":171,"column":0},"end":{"line":171,"column":45}},"171":{"start":{"line":172,"column":0},"end":{"line":172,"column":92}},"172":{"start":{"line":173,"column":0},"end":{"line":173,"column":121}},"173":{"start":{"line":174,"column":0},"end":{"line":174,"column":26}},"174":{"start":{"line":175,"column":0},"end":{"line":175,"column":90}},"175":{"start":{"line":176,"column":0},"end":{"line":176,"column":30}},"176":{"start":{"line":177,"column":0},"end":{"line":177,"column":63}},"177":{"start":{"line":178,"column":0},"end":{"line":178,"column":33}},"178":{"start":{"line":179,"column":0},"end":{"line":179,"column":49}},"179":{"start":{"line":180,"column":0},"end":{"line":180,"column":42}},"180":{"start":{"line":181,"column":0},"end":{"line":181,"column":42}},"181":{"start":{"line":182,"column":0},"end":{"line":182,"column":47}},"182":{"start":{"line":183,"column":0},"end":{"line":183,"column":37}},"183":{"start":{"line":184,"column":0},"end":{"line":184,"column":38}},"184":{"start":{"line":185,"column":0},"end":{"line":185,"column":44}},"185":{"start":{"line":186,"column":0},"end":{"line":186,"column":44}},"186":{"start":{"line":187,"column":0},"end":{"line":187,"column":26}},"187":{"start":{"line":188,"column":0},"end":{"line":188,"column":23}},"189":{"start":{"line":190,"column":0},"end":{"line":190,"column":31}},"190":{"start":{"line":191,"column":0},"end":{"line":191,"column":96}},"191":{"start":{"line":192,"column":0},"end":{"line":192,"column":30}},"192":{"start":{"line":193,"column":0},"end":{"line":193,"column":55}},"193":{"start":{"line":194,"column":0},"end":{"line":194,"column":33}},"194":{"start":{"line":195,"column":0},"end":{"line":195,"column":55}},"195":{"start":{"line":196,"column":0},"end":{"line":196,"column":42}},"196":{"start":{"line":197,"column":0},"end":{"line":197,"column":42}},"197":{"start":{"line":198,"column":0},"end":{"line":198,"column":47}},"198":{"start":{"line":199,"column":0},"end":{"line":199,"column":37}},"199":{"start":{"line":200,"column":0},"end":{"line":200,"column":38}},"200":{"start":{"line":201,"column":0},"end":{"line":201,"column":44}},"201":{"start":{"line":202,"column":0},"end":{"line":202,"column":44}},"202":{"start":{"line":203,"column":0},"end":{"line":203,"column":26}},"203":{"start":{"line":204,"column":0},"end":{"line":204,"column":23}},"205":{"start":{"line":206,"column":0},"end":{"line":206,"column":31}},"206":{"start":{"line":207,"column":0},"end":{"line":207,"column":26}},"207":{"start":{"line":208,"column":0},"end":{"line":208,"column":24}},"208":{"start":{"line":209,"column":0},"end":{"line":209,"column":19}},"209":{"start":{"line":210,"column":0},"end":{"line":210,"column":20}},"211":{"start":{"line":212,"column":0},"end":{"line":212,"column":101}},"212":{"start":{"line":213,"column":0},"end":{"line":213,"column":119}},"213":{"start":{"line":214,"column":0},"end":{"line":214,"column":37}},"214":{"start":{"line":215,"column":0},"end":{"line":215,"column":60}},"215":{"start":{"line":216,"column":0},"end":{"line":216,"column":22}},"216":{"start":{"line":217,"column":0},"end":{"line":217,"column":20}},"218":{"start":{"line":219,"column":0},"end":{"line":219,"column":22}},"219":{"start":{"line":220,"column":0},"end":{"line":220,"column":40}},"220":{"start":{"line":221,"column":0},"end":{"line":221,"column":64}},"221":{"start":{"line":222,"column":0},"end":{"line":222,"column":15}},"223":{"start":{"line":224,"column":0},"end":{"line":224,"column":23}},"224":{"start":{"line":225,"column":0},"end":{"line":225,"column":15}},"226":{"start":{"line":227,"column":0},"end":{"line":227,"column":14}},"227":{"start":{"line":228,"column":0},"end":{"line":228,"column":12}},"229":{"start":{"line":230,"column":0},"end":{"line":230,"column":28}},"230":{"start":{"line":231,"column":0},"end":{"line":231,"column":21}},"231":{"start":{"line":232,"column":0},"end":{"line":232,"column":28}},"232":{"start":{"line":233,"column":0},"end":{"line":233,"column":19}},"233":{"start":{"line":234,"column":0},"end":{"line":234,"column":20}},"234":{"start":{"line":235,"column":0},"end":{"line":235,"column":24}},"235":{"start":{"line":236,"column":0},"end":{"line":236,"column":25}},"236":{"start":{"line":237,"column":0},"end":{"line":237,"column":40}},"237":{"start":{"line":238,"column":0},"end":{"line":238,"column":26}},"238":{"start":{"line":239,"column":0},"end":{"line":239,"column":35}},"239":{"start":{"line":240,"column":0},"end":{"line":240,"column":31}},"240":{"start":{"line":241,"column":0},"end":{"line":241,"column":23}},"241":{"start":{"line":242,"column":0},"end":{"line":242,"column":11}},"242":{"start":{"line":243,"column":0},"end":{"line":243,"column":23}},"243":{"start":{"line":244,"column":0},"end":{"line":244,"column":31}},"244":{"start":{"line":245,"column":0},"end":{"line":245,"column":28}},"245":{"start":{"line":246,"column":0},"end":{"line":246,"column":33}},"246":{"start":{"line":247,"column":0},"end":{"line":247,"column":25}},"247":{"start":{"line":248,"column":0},"end":{"line":248,"column":30}},"248":{"start":{"line":249,"column":0},"end":{"line":249,"column":32}},"249":{"start":{"line":250,"column":0},"end":{"line":250,"column":53}},"250":{"start":{"line":251,"column":0},"end":{"line":251,"column":13}},"251":{"start":{"line":252,"column":0},"end":{"line":252,"column":93}},"252":{"start":{"line":253,"column":0},"end":{"line":253,"column":62}},"253":{"start":{"line":254,"column":0},"end":{"line":254,"column":49}},"254":{"start":{"line":255,"column":0},"end":{"line":255,"column":20}},"255":{"start":{"line":256,"column":0},"end":{"line":256,"column":42}},"256":{"start":{"line":257,"column":0},"end":{"line":257,"column":206}},"257":{"start":{"line":258,"column":0},"end":{"line":258,"column":13}},"259":{"start":{"line":260,"column":0},"end":{"line":260,"column":21}},"260":{"start":{"line":261,"column":0},"end":{"line":261,"column":20}},"261":{"start":{"line":262,"column":0},"end":{"line":262,"column":56}},"262":{"start":{"line":263,"column":0},"end":{"line":263,"column":200}},"263":{"start":{"line":264,"column":0},"end":{"line":264,"column":13}},"265":{"start":{"line":266,"column":0},"end":{"line":266,"column":21}},"266":{"start":{"line":267,"column":0},"end":{"line":267,"column":16}},"267":{"start":{"line":268,"column":0},"end":{"line":268,"column":14}},"269":{"start":{"line":270,"column":0},"end":{"line":270,"column":7}},"271":{"start":{"line":272,"column":0},"end":{"line":272,"column":2}},"273":{"start":{"line":274,"column":0},"end":{"line":274,"column":24}}},"s":{"0":1,"1":1,"2":1,"5":1,"6":1,"7":1,"8":1,"9":1,"10":1,"11":1,"12":1,"13":1,"14":1,"15":1,"16":1,"17":1,"18":1,"19":1,"20":1,"21":1,"22":1,"23":1,"24":1,"26":1,"27":20,"28":20,"29":20,"30":20,"31":20,"32":20,"33":20,"34":20,"35":20,"36":20,"37":20,"38":20,"39":20,"40":20,"43":20,"44":20,"45":20,"48":20,"49":20,"50":20,"52":20,"53":1,"54":1,"55":1,"57":20,"58":1,"59":1,"60":1,"61":1,"62":1,"63":0,"64":0,"65":1,"66":1,"68":20,"69":20,"70":20,"71":1,"72":1,"73":1,"74":1,"75":1,"76":1,"77":1,"78":1,"79":1,"80":1,"81":1,"82":1,"83":1,"84":1,"85":1,"86":1,"87":1,"90":20,"91":20,"92":20,"93":20,"94":20,"95":20,"96":20,"98":20,"99":20,"100":20,"101":20,"102":20,"103":20,"104":20,"105":20,"106":20,"107":20,"108":20,"109":20,"110":20,"112":20,"113":20,"114":20,"116":20,"117":40,"118":40,"119":40,"120":40,"121":160,"122":160,"123":160,"124":160,"125":160,"126":160,"127":1,"128":1,"129":1,"130":1,"131":160,"132":160,"133":160,"134":160,"135":160,"136":160,"137":160,"138":160,"139":160,"141":160,"142":160,"143":40,"144":40,"145":40,"146":20,"147":20,"150":20,"151":20,"152":20,"153":20,"154":20,"155":20,"156":20,"157":20,"158":20,"159":20,"161":20,"162":7,"164":7,"166":13,"167":13,"168":13,"169":14,"170":14,"171":14,"172":14,"173":14,"174":14,"175":14,"176":14,"177":14,"178":14,"179":14,"180":14,"181":14,"182":14,"183":14,"184":14,"185":14,"186":14,"187":14,"189":14,"190":14,"191":14,"192":14,"193":14,"194":14,"195":14,"196":14,"197":14,"198":14,"199":14,"200":14,"201":14,"202":14,"203":14,"205":14,"206":14,"207":14,"208":13,"209":13,"211":13,"212":13,"213":13,"214":13,"215":13,"216":13,"218":13,"219":13,"220":13,"221":13,"223":13,"224":13,"226":20,"227":20,"229":20,"230":8,"231":8,"232":8,"233":8,"234":8,"235":8,"236":8,"237":8,"238":8,"239":8,"240":8,"241":8,"242":8,"243":8,"244":8,"245":8,"246":8,"247":8,"248":8,"249":8,"250":8,"251":8,"252":8,"253":8,"254":8,"255":8,"256":8,"257":8,"259":8,"260":8,"261":8,"262":8,"263":8,"265":8,"266":8,"267":8,"269":20,"271":20,"273":1},"branchMap":{"0":{"type":"branch","line":27,"loc":{"start":{"line":27,"column":27},"end":{"line":272,"column":2}},"locations":[{"start":{"line":27,"column":27},"end":{"line":272,"column":2}}]},"1":{"type":"branch","line":71,"loc":{"start":{"line":71,"column":7},"end":{"line":88,"column":14}},"locations":[{"start":{"line":71,"column":7},"end":{"line":88,"column":14}}]},"2":{"type":"branch","line":162,"loc":{"start":{"line":162,"column":27},"end":{"line":165,"column":18}},"locations":[{"start":{"line":162,"column":27},"end":{"line":165,"column":18}}]},"3":{"type":"branch","line":165,"loc":{"start":{"line":165,"column":12},"end":{"line":225,"column":15}},"locations":[{"start":{"line":165,"column":12},"end":{"line":225,"column":15}}]},"4":{"type":"branch","line":230,"loc":{"start":{"line":230,"column":7},"end":{"line":268,"column":14}},"locations":[{"start":{"line":230,"column":7},"end":{"line":268,"column":14}}]},"5":{"type":"branch","line":44,"loc":{"start":{"line":44,"column":12},"end":{"line":46,"column":5}},"locations":[{"start":{"line":44,"column":12},"end":{"line":46,"column":5}}]},"6":{"type":"branch","line":49,"loc":{"start":{"line":49,"column":12},"end":{"line":51,"column":5}},"locations":[{"start":{"line":49,"column":12},"end":{"line":51,"column":5}}]},"7":{"type":"branch","line":53,"loc":{"start":{"line":53,"column":25},"end":{"line":56,"column":4}},"locations":[{"start":{"line":53,"column":25},"end":{"line":56,"column":4}}]},"8":{"type":"branch","line":54,"loc":{"start":{"line":54,"column":27},"end":{"line":54,"column":34}},"locations":[{"start":{"line":54,"column":27},"end":{"line":54,"column":34}}]},"9":{"type":"branch","line":58,"loc":{"start":{"line":58,"column":27},"end":{"line":67,"column":4}},"locations":[{"start":{"line":58,"column":27},"end":{"line":67,"column":4}}]},"10":{"type":"branch","line":60,"loc":{"start":{"line":60,"column":16},"end":{"line":60,"column":23}},"locations":[{"start":{"line":60,"column":16},"end":{"line":60,"column":23}}]},"11":{"type":"branch","line":117,"loc":{"start":{"line":117,"column":24},"end":{"line":146,"column":18}},"locations":[{"start":{"line":117,"column":24},"end":{"line":146,"column":18}}]},"12":{"type":"branch","line":121,"loc":{"start":{"line":121,"column":31},"end":{"line":143,"column":24}},"locations":[{"start":{"line":121,"column":31},"end":{"line":143,"column":24}}]},"13":{"type":"branch","line":127,"loc":{"start":{"line":127,"column":31},"end":{"line":131,"column":24}},"locations":[{"start":{"line":127,"column":31},"end":{"line":131,"column":24}}]},"14":{"type":"branch","line":139,"loc":{"start":{"line":139,"column":31},"end":{"line":139,"column":53}},"locations":[{"start":{"line":139,"column":31},"end":{"line":139,"column":53}}]},"15":{"type":"branch","line":169,"loc":{"start":{"line":169,"column":26},"end":{"line":208,"column":24}},"locations":[{"start":{"line":169,"column":26},"end":{"line":208,"column":24}}]},"16":{"type":"branch","line":177,"loc":{"start":{"line":177,"column":33},"end":{"line":177,"column":63}},"locations":[{"start":{"line":177,"column":33},"end":{"line":177,"column":63}}]},"17":{"type":"branch","line":193,"loc":{"start":{"line":193,"column":33},"end":{"line":193,"column":55}},"locations":[{"start":{"line":193,"column":33},"end":{"line":193,"column":55}}]},"18":{"type":"branch","line":262,"loc":{"start":{"line":262,"column":23},"end":{"line":262,"column":56}},"locations":[{"start":{"line":262,"column":23},"end":{"line":262,"column":56}}]}},"b":{"0":[20],"1":[1],"2":[7],"3":[13],"4":[8],"5":[20],"6":[20],"7":[1],"8":[0],"9":[1],"10":[0],"11":[40],"12":[160],"13":[1],"14":[1],"15":[14],"16":[1],"17":[1],"18":[1]},"fnMap":{"0":{"name":"MenuPage","decl":{"start":{"line":27,"column":27},"end":{"line":272,"column":2}},"loc":{"start":{"line":27,"column":27},"end":{"line":272,"column":2}},"line":27},"1":{"name":"handleCheckout","decl":{"start":{"line":53,"column":25},"end":{"line":56,"column":4}},"loc":{"start":{"line":53,"column":25},"end":{"line":56,"column":4}},"line":53},"2":{"name":"onProcessPayment","decl":{"start":{"line":58,"column":27},"end":{"line":67,"column":4}},"loc":{"start":{"line":58,"column":27},"end":{"line":67,"column":4}},"line":58},"3":{"name":"onClick","decl":{"start":{"line":102,"column":23},"end":{"line":102,"column":43}},"loc":{"start":{"line":102,"column":23},"end":{"line":102,"column":43}},"line":102},"4":{"name":"onError","decl":{"start":{"line":127,"column":31},"end":{"line":131,"column":24}},"loc":{"start":{"line":127,"column":31},"end":{"line":131,"column":24}},"line":127},"5":{"name":"onClick","decl":{"start":{"line":139,"column":31},"end":{"line":139,"column":53}},"loc":{"start":{"line":139,"column":31},"end":{"line":139,"column":53}},"line":139},"6":{"name":"onClick","decl":{"start":{"line":177,"column":33},"end":{"line":177,"column":63}},"loc":{"start":{"line":177,"column":33},"end":{"line":177,"column":63}},"line":177},"7":{"name":"onClick","decl":{"start":{"line":193,"column":33},"end":{"line":193,"column":55}},"loc":{"start":{"line":193,"column":33},"end":{"line":193,"column":55}},"line":193},"8":{"name":"onClick","decl":{"start":{"line":262,"column":23},"end":{"line":262,"column":56}},"loc":{"start":{"line":262,"column":23},"end":{"line":262,"column":56}},"line":262}},"f":{"0":20,"1":1,"2":1,"3":0,"4":1,"5":1,"6":1,"7":1,"8":1}}
,"/Users/forestmars/sandbox/coffee/src/pages/OrdersPage.tsx": {"path":"/Users/forestmars/sandbox/coffee/src/pages/OrdersPage.tsx","all":false,"statementMap":{"0":{"start":{"line":1,"column":0},"end":{"line":1,"column":41}},"1":{"start":{"line":2,"column":0},"end":{"line":2,"column":47}},"2":{"start":{"line":3,"column":0},"end":{"line":3,"column":67}},"4":{"start":{"line":5,"column":0},"end":{"line":5,"column":36}},"5":{"start":{"line":6,"column":0},"end":{"line":6,"column":33}},"6":{"start":{"line":7,"column":0},"end":{"line":7,"column":81}},"8":{"start":{"line":9,"column":0},"end":{"line":9,"column":19}},"9":{"start":{"line":10,"column":0},"end":{"line":10,"column":17}},"10":{"start":{"line":11,"column":0},"end":{"line":11,"column":19}},"12":{"start":{"line":13,"column":0},"end":{"line":13,"column":46}},"13":{"start":{"line":14,"column":0},"end":{"line":14,"column":49}},"14":{"start":{"line":15,"column":0},"end":{"line":15,"column":4}},"16":{"start":{"line":17,"column":0},"end":{"line":17,"column":55}},"17":{"start":{"line":18,"column":0},"end":{"line":18,"column":21}},"18":{"start":{"line":19,"column":0},"end":{"line":19,"column":39}},"19":{"start":{"line":20,"column":0},"end":{"line":20,"column":41}},"20":{"start":{"line":21,"column":0},"end":{"line":21,"column":41}},"21":{"start":{"line":22,"column":0},"end":{"line":22,"column":32}},"22":{"start":{"line":23,"column":0},"end":{"line":23,"column":5}},"23":{"start":{"line":24,"column":0},"end":{"line":24,"column":4}},"25":{"start":{"line":26,"column":0},"end":{"line":26,"column":55}},"26":{"start":{"line":27,"column":0},"end":{"line":27,"column":21}},"27":{"start":{"line":28,"column":0},"end":{"line":28,"column":33}},"28":{"start":{"line":29,"column":0},"end":{"line":29,"column":35}},"29":{"start":{"line":30,"column":0},"end":{"line":30,"column":35}},"30":{"start":{"line":31,"column":0},"end":{"line":31,"column":26}},"31":{"start":{"line":32,"column":0},"end":{"line":32,"column":5}},"32":{"start":{"line":33,"column":0},"end":{"line":33,"column":4}},"34":{"start":{"line":35,"column":0},"end":{"line":35,"column":10}},"35":{"start":{"line":36,"column":0},"end":{"line":36,"column":70}},"36":{"start":{"line":37,"column":0},"end":{"line":37,"column":83}},"37":{"start":{"line":38,"column":0},"end":{"line":38,"column":16}},"38":{"start":{"line":39,"column":0},"end":{"line":39,"column":39}},"39":{"start":{"line":40,"column":0},"end":{"line":40,"column":19}},"40":{"start":{"line":41,"column":0},"end":{"line":41,"column":32}},"41":{"start":{"line":42,"column":0},"end":{"line":42,"column":28}},"42":{"start":{"line":43,"column":0},"end":{"line":43,"column":32}},"43":{"start":{"line":44,"column":0},"end":{"line":44,"column":30}},"44":{"start":{"line":45,"column":0},"end":{"line":45,"column":32}},"45":{"start":{"line":46,"column":0},"end":{"line":46,"column":34}},"46":{"start":{"line":47,"column":0},"end":{"line":47,"column":12}},"47":{"start":{"line":48,"column":0},"end":{"line":48,"column":9}},"49":{"start":{"line":50,"column":0},"end":{"line":50,"column":17}},"50":{"start":{"line":51,"column":0},"end":{"line":51,"column":72}},"51":{"start":{"line":52,"column":0},"end":{"line":52,"column":12}},"53":{"start":{"line":54,"column":0},"end":{"line":54,"column":30}},"54":{"start":{"line":55,"column":0},"end":{"line":55,"column":64}},"55":{"start":{"line":56,"column":0},"end":{"line":56,"column":74}},"56":{"start":{"line":57,"column":0},"end":{"line":57,"column":80}},"57":{"start":{"line":58,"column":0},"end":{"line":58,"column":99}},"58":{"start":{"line":59,"column":0},"end":{"line":59,"column":92}},"60":{"start":{"line":61,"column":0},"end":{"line":61,"column":19}},"61":{"start":{"line":62,"column":0},"end":{"line":62,"column":14}},"63":{"start":{"line":64,"column":0},"end":{"line":64,"column":79}},"64":{"start":{"line":65,"column":0},"end":{"line":65,"column":34}},"65":{"start":{"line":66,"column":0},"end":{"line":66,"column":41}},"66":{"start":{"line":67,"column":0},"end":{"line":67,"column":34}},"67":{"start":{"line":68,"column":0},"end":{"line":68,"column":36}},"68":{"start":{"line":69,"column":0},"end":{"line":69,"column":33}},"69":{"start":{"line":70,"column":0},"end":{"line":70,"column":43}},"70":{"start":{"line":71,"column":0},"end":{"line":71,"column":67}},"71":{"start":{"line":72,"column":0},"end":{"line":72,"column":15}},"72":{"start":{"line":73,"column":0},"end":{"line":73,"column":124}},"73":{"start":{"line":74,"column":0},"end":{"line":74,"column":21}},"74":{"start":{"line":75,"column":0},"end":{"line":75,"column":71}},"75":{"start":{"line":76,"column":0},"end":{"line":76,"column":58}},"76":{"start":{"line":77,"column":0},"end":{"line":77,"column":24}},"77":{"start":{"line":78,"column":0},"end":{"line":78,"column":69}},"78":{"start":{"line":79,"column":0},"end":{"line":79,"column":44}},"79":{"start":{"line":80,"column":0},"end":{"line":80,"column":24}},"80":{"start":{"line":81,"column":0},"end":{"line":81,"column":22}},"81":{"start":{"line":82,"column":0},"end":{"line":82,"column":30}},"82":{"start":{"line":83,"column":0},"end":{"line":83,"column":35}},"83":{"start":{"line":84,"column":0},"end":{"line":84,"column":40}},"84":{"start":{"line":85,"column":0},"end":{"line":85,"column":32}},"85":{"start":{"line":86,"column":0},"end":{"line":86,"column":41}},"86":{"start":{"line":87,"column":0},"end":{"line":87,"column":66}},"87":{"start":{"line":88,"column":0},"end":{"line":88,"column":54}},"88":{"start":{"line":89,"column":0},"end":{"line":89,"column":39}},"89":{"start":{"line":90,"column":0},"end":{"line":90,"column":33}},"90":{"start":{"line":91,"column":0},"end":{"line":91,"column":19}},"91":{"start":{"line":92,"column":0},"end":{"line":92,"column":61}},"92":{"start":{"line":93,"column":0},"end":{"line":93,"column":85}},"93":{"start":{"line":94,"column":0},"end":{"line":94,"column":22}},"94":{"start":{"line":95,"column":0},"end":{"line":95,"column":20}},"96":{"start":{"line":97,"column":0},"end":{"line":97,"column":52}},"97":{"start":{"line":98,"column":0},"end":{"line":98,"column":44}},"98":{"start":{"line":99,"column":0},"end":{"line":99,"column":46}},"99":{"start":{"line":100,"column":0},"end":{"line":100,"column":37}},"100":{"start":{"line":101,"column":0},"end":{"line":101,"column":53}},"101":{"start":{"line":102,"column":0},"end":{"line":102,"column":40}},"102":{"start":{"line":103,"column":0},"end":{"line":103,"column":53}},"103":{"start":{"line":104,"column":0},"end":{"line":104,"column":21}},"104":{"start":{"line":105,"column":0},"end":{"line":105,"column":25}},"105":{"start":{"line":106,"column":0},"end":{"line":106,"column":74}},"106":{"start":{"line":107,"column":0},"end":{"line":107,"column":76}},"107":{"start":{"line":108,"column":0},"end":{"line":108,"column":41}},"108":{"start":{"line":109,"column":0},"end":{"line":109,"column":29}},"109":{"start":{"line":110,"column":0},"end":{"line":110,"column":26}},"110":{"start":{"line":111,"column":0},"end":{"line":111,"column":53}},"111":{"start":{"line":112,"column":0},"end":{"line":112,"column":64}},"112":{"start":{"line":113,"column":0},"end":{"line":113,"column":26}},"113":{"start":{"line":114,"column":0},"end":{"line":114,"column":24}},"114":{"start":{"line":115,"column":0},"end":{"line":115,"column":19}},"115":{"start":{"line":116,"column":0},"end":{"line":116,"column":20}},"117":{"start":{"line":118,"column":0},"end":{"line":118,"column":28}},"118":{"start":{"line":119,"column":0},"end":{"line":119,"column":33}},"119":{"start":{"line":120,"column":0},"end":{"line":120,"column":49}},"120":{"start":{"line":121,"column":0},"end":{"line":121,"column":37}},"121":{"start":{"line":122,"column":0},"end":{"line":122,"column":47}},"122":{"start":{"line":123,"column":0},"end":{"line":123,"column":34}},"123":{"start":{"line":124,"column":0},"end":{"line":124,"column":17}},"124":{"start":{"line":125,"column":0},"end":{"line":125,"column":69}},"125":{"start":{"line":126,"column":0},"end":{"line":126,"column":50}},"126":{"start":{"line":127,"column":0},"end":{"line":127,"column":22}},"128":{"start":{"line":129,"column":0},"end":{"line":129,"column":64}},"129":{"start":{"line":130,"column":0},"end":{"line":130,"column":50}},"130":{"start":{"line":131,"column":0},"end":{"line":131,"column":22}},"131":{"start":{"line":132,"column":0},"end":{"line":132,"column":30}},"132":{"start":{"line":133,"column":0},"end":{"line":133,"column":80}},"133":{"start":{"line":134,"column":0},"end":{"line":134,"column":33}},"134":{"start":{"line":135,"column":0},"end":{"line":135,"column":49}},"135":{"start":{"line":136,"column":0},"end":{"line":136,"column":45}},"136":{"start":{"line":137,"column":0},"end":{"line":137,"column":48}},"137":{"start":{"line":138,"column":0},"end":{"line":138,"column":26}},"138":{"start":{"line":139,"column":0},"end":{"line":139,"column":23}},"140":{"start":{"line":141,"column":0},"end":{"line":141,"column":31}},"141":{"start":{"line":142,"column":0},"end":{"line":142,"column":30}},"142":{"start":{"line":143,"column":0},"end":{"line":143,"column":80}},"143":{"start":{"line":144,"column":0},"end":{"line":144,"column":33}},"144":{"start":{"line":145,"column":0},"end":{"line":145,"column":49}},"145":{"start":{"line":146,"column":0},"end":{"line":146,"column":45}},"146":{"start":{"line":147,"column":0},"end":{"line":147,"column":48}},"147":{"start":{"line":148,"column":0},"end":{"line":148,"column":26}},"148":{"start":{"line":149,"column":0},"end":{"line":149,"column":23}},"150":{"start":{"line":151,"column":0},"end":{"line":151,"column":31}},"151":{"start":{"line":152,"column":0},"end":{"line":152,"column":23}},"153":{"start":{"line":154,"column":0},"end":{"line":154,"column":26}},"154":{"start":{"line":155,"column":0},"end":{"line":155,"column":57}},"155":{"start":{"line":156,"column":0},"end":{"line":156,"column":29}},"156":{"start":{"line":157,"column":0},"end":{"line":157,"column":45}},"157":{"start":{"line":158,"column":0},"end":{"line":158,"column":41}},"158":{"start":{"line":159,"column":0},"end":{"line":159,"column":44}},"159":{"start":{"line":160,"column":0},"end":{"line":160,"column":22}},"160":{"start":{"line":161,"column":0},"end":{"line":161,"column":19}},"162":{"start":{"line":163,"column":0},"end":{"line":163,"column":27}},"163":{"start":{"line":164,"column":0},"end":{"line":164,"column":22}},"164":{"start":{"line":165,"column":0},"end":{"line":165,"column":20}},"165":{"start":{"line":166,"column":0},"end":{"line":166,"column":18}},"166":{"start":{"line":167,"column":0},"end":{"line":167,"column":13}},"167":{"start":{"line":168,"column":0},"end":{"line":168,"column":14}},"169":{"start":{"line":170,"column":0},"end":{"line":170,"column":10}},"171":{"start":{"line":172,"column":0},"end":{"line":172,"column":2}},"173":{"start":{"line":174,"column":0},"end":{"line":174,"column":26}}},"s":{"0":1,"1":1,"2":1,"4":1,"5":21,"6":21,"8":21,"9":21,"10":21,"12":21,"13":24,"14":24,"16":21,"17":72,"18":72,"19":72,"20":72,"21":72,"22":72,"23":72,"25":21,"26":24,"27":24,"28":24,"29":24,"30":24,"31":24,"32":24,"34":21,"35":21,"36":21,"37":21,"38":21,"39":21,"40":21,"41":21,"42":21,"43":21,"44":21,"45":21,"46":21,"47":21,"49":21,"50":21,"51":21,"53":21,"54":4,"55":4,"56":4,"57":4,"58":4,"60":4,"61":4,"63":17,"64":17,"65":24,"66":24,"67":24,"68":24,"69":24,"70":24,"71":24,"72":24,"73":24,"74":24,"75":24,"76":24,"77":24,"78":24,"79":24,"80":24,"81":24,"82":24,"83":24,"84":24,"85":24,"86":24,"87":24,"88":24,"89":24,"90":24,"91":24,"92":24,"93":24,"94":24,"96":24,"97":24,"98":48,"99":48,"100":48,"101":48,"102":48,"103":48,"104":48,"105":48,"106":48,"107":48,"108":48,"109":48,"110":48,"111":48,"112":48,"113":48,"114":24,"115":24,"117":24,"118":24,"119":24,"120":24,"121":24,"122":24,"123":24,"124":24,"125":24,"126":24,"128":24,"129":24,"130":15,"131":15,"132":15,"133":15,"134":15,"135":15,"136":15,"137":15,"138":15,"140":15,"141":15,"142":15,"143":15,"144":15,"145":15,"146":15,"147":15,"148":15,"150":15,"151":15,"153":24,"154":24,"155":24,"156":24,"157":24,"158":24,"159":24,"160":24,"162":24,"163":24,"164":24,"165":24,"166":17,"167":17,"169":21,"171":21,"173":1},"branchMap":{"0":{"type":"branch","line":5,"loc":{"start":{"line":5,"column":29},"end":{"line":172,"column":2}},"locations":[{"start":{"line":5,"column":29},"end":{"line":172,"column":2}}]},"1":{"type":"branch","line":54,"loc":{"start":{"line":54,"column":25},"end":{"line":62,"column":14}},"locations":[{"start":{"line":54,"column":25},"end":{"line":62,"column":14}}]},"2":{"type":"branch","line":62,"loc":{"start":{"line":62,"column":8},"end":{"line":168,"column":14}},"locations":[{"start":{"line":62,"column":8},"end":{"line":168,"column":14}}]},"3":{"type":"branch","line":9,"loc":{"start":{"line":9,"column":12},"end":{"line":11,"column":5}},"locations":[{"start":{"line":9,"column":12},"end":{"line":11,"column":5}}]},"4":{"type":"branch","line":13,"loc":{"start":{"line":13,"column":21},"end":{"line":15,"column":4}},"locations":[{"start":{"line":13,"column":21},"end":{"line":15,"column":4}}]},"5":{"type":"branch","line":17,"loc":{"start":{"line":17,"column":25},"end":{"line":24,"column":4}},"locations":[{"start":{"line":17,"column":25},"end":{"line":24,"column":4}}]},"6":{"type":"branch","line":19,"loc":{"start":{"line":19,"column":6},"end":{"line":19,"column":39}},"locations":[{"start":{"line":19,"column":6},"end":{"line":19,"column":39}}]},"7":{"type":"branch","line":20,"loc":{"start":{"line":20,"column":6},"end":{"line":20,"column":41}},"locations":[{"start":{"line":20,"column":6},"end":{"line":20,"column":41}}]},"8":{"type":"branch","line":21,"loc":{"start":{"line":21,"column":6},"end":{"line":21,"column":41}},"locations":[{"start":{"line":21,"column":6},"end":{"line":21,"column":41}}]},"9":{"type":"branch","line":22,"loc":{"start":{"line":22,"column":6},"end":{"line":22,"column":32}},"locations":[{"start":{"line":22,"column":6},"end":{"line":22,"column":32}}]},"10":{"type":"branch","line":26,"loc":{"start":{"line":26,"column":25},"end":{"line":33,"column":4}},"locations":[{"start":{"line":26,"column":25},"end":{"line":33,"column":4}}]},"11":{"type":"branch","line":28,"loc":{"start":{"line":28,"column":6},"end":{"line":28,"column":33}},"locations":[{"start":{"line":28,"column":6},"end":{"line":28,"column":33}}]},"12":{"type":"branch","line":29,"loc":{"start":{"line":29,"column":6},"end":{"line":29,"column":35}},"locations":[{"start":{"line":29,"column":6},"end":{"line":29,"column":35}}]},"13":{"type":"branch","line":30,"loc":{"start":{"line":30,"column":6},"end":{"line":30,"column":35}},"locations":[{"start":{"line":30,"column":6},"end":{"line":30,"column":35}}]},"14":{"type":"branch","line":31,"loc":{"start":{"line":31,"column":6},"end":{"line":31,"column":26}},"locations":[{"start":{"line":31,"column":6},"end":{"line":31,"column":26}}]},"15":{"type":"branch","line":65,"loc":{"start":{"line":65,"column":22},"end":{"line":166,"column":18}},"locations":[{"start":{"line":65,"column":22},"end":{"line":166,"column":18}}]},"16":{"type":"branch","line":130,"loc":{"start":{"line":130,"column":36},"end":{"line":152,"column":23}},"locations":[{"start":{"line":130,"column":36},"end":{"line":152,"column":23}}]},"17":{"type":"branch","line":98,"loc":{"start":{"line":98,"column":33},"end":{"line":114,"column":24}},"locations":[{"start":{"line":98,"column":33},"end":{"line":114,"column":24}}]},"18":{"type":"branch","line":133,"loc":{"start":{"line":133,"column":33},"end":{"line":133,"column":80}},"locations":[{"start":{"line":133,"column":33},"end":{"line":133,"column":80}}]},"19":{"type":"branch","line":143,"loc":{"start":{"line":143,"column":33},"end":{"line":143,"column":80}},"locations":[{"start":{"line":143,"column":33},"end":{"line":143,"column":80}}]},"20":{"type":"branch","line":155,"loc":{"start":{"line":155,"column":29},"end":{"line":155,"column":57}},"locations":[{"start":{"line":155,"column":29},"end":{"line":155,"column":57}}]}},"b":{"0":[21],"1":[4],"2":[17],"3":[21],"4":[24],"5":[72],"6":[45],"7":[15],"8":[12],"9":[0],"10":[24],"11":[15],"12":[5],"13":[4],"14":[0],"15":[24],"16":[15],"17":[48],"18":[1],"19":[1],"20":[1]},"fnMap":{"0":{"name":"OrdersPage","decl":{"start":{"line":5,"column":29},"end":{"line":172,"column":2}},"loc":{"start":{"line":5,"column":29},"end":{"line":172,"column":2}},"line":5},"1":{"name":"formatDate","decl":{"start":{"line":13,"column":21},"end":{"line":15,"column":4}},"loc":{"start":{"line":13,"column":21},"end":{"line":15,"column":4}},"line":13},"2":{"name":"getStatusColor","decl":{"start":{"line":17,"column":25},"end":{"line":24,"column":4}},"loc":{"start":{"line":17,"column":25},"end":{"line":24,"column":4}},"line":17},"3":{"name":"getStatusEmoji","decl":{"start":{"line":26,"column":25},"end":{"line":33,"column":4}},"loc":{"start":{"line":26,"column":25},"end":{"line":33,"column":4}},"line":26},"4":{"name":"onClick","decl":{"start":{"line":39,"column":19},"end":{"line":39,"column":39}},"loc":{"start":{"line":39,"column":19},"end":{"line":39,"column":39}},"line":39},"5":{"name":"onClick","decl":{"start":{"line":59,"column":27},"end":{"line":59,"column":52}},"loc":{"start":{"line":59,"column":27},"end":{"line":59,"column":52}},"line":59},"6":{"name":"onClick","decl":{"start":{"line":133,"column":33},"end":{"line":133,"column":80}},"loc":{"start":{"line":133,"column":33},"end":{"line":133,"column":80}},"line":133},"7":{"name":"onClick","decl":{"start":{"line":143,"column":33},"end":{"line":143,"column":80}},"loc":{"start":{"line":143,"column":33},"end":{"line":143,"column":80}},"line":143},"8":{"name":"onClick","decl":{"start":{"line":155,"column":29},"end":{"line":155,"column":57}},"loc":{"start":{"line":155,"column":29},"end":{"line":155,"column":57}},"line":155}},"f":{"0":21,"1":24,"2":72,"3":24,"4":0,"5":0,"6":1,"7":1,"8":1}}
,"/Users/forestmars/sandbox/coffee/src/store/useOrderStore.ts": {"path":"/Users/forestmars/sandbox/coffee/src/store/useOrderStore.ts","all":false,"statementMap":{"0":{"start":{"line":1,"column":0},"end":{"line":1,"column":33}},"49":{"start":{"line":50,"column":0},"end":{"line":50,"column":64}},"50":{"start":{"line":51,"column":0},"end":{"line":51,"column":11}},"51":{"start":{"line":52,"column":0},"end":{"line":52,"column":13}},"52":{"start":{"line":53,"column":0},"end":{"line":53,"column":26}},"53":{"start":{"line":54,"column":0},"end":{"line":54,"column":26}},"55":{"start":{"line":56,"column":0},"end":{"line":56,"column":22}},"56":{"start":{"line":57,"column":0},"end":{"line":57,"column":20}},"57":{"start":{"line":58,"column":0},"end":{"line":58,"column":82}},"58":{"start":{"line":59,"column":0},"end":{"line":59,"column":25}},"59":{"start":{"line":60,"column":0},"end":{"line":60,"column":16}},"60":{"start":{"line":61,"column":0},"end":{"line":61,"column":38}},"61":{"start":{"line":62,"column":0},"end":{"line":62,"column":73}},"62":{"start":{"line":63,"column":0},"end":{"line":63,"column":12}},"63":{"start":{"line":64,"column":0},"end":{"line":64,"column":10}},"64":{"start":{"line":65,"column":0},"end":{"line":65,"column":7}},"65":{"start":{"line":66,"column":0},"end":{"line":66,"column":65}},"66":{"start":{"line":67,"column":0},"end":{"line":67,"column":7}},"68":{"start":{"line":69,"column":0},"end":{"line":69,"column":29}},"69":{"start":{"line":70,"column":0},"end":{"line":70,"column":20}},"70":{"start":{"line":71,"column":0},"end":{"line":71,"column":69}},"71":{"start":{"line":72,"column":0},"end":{"line":72,"column":54}},"72":{"start":{"line":73,"column":0},"end":{"line":73,"column":16}},"73":{"start":{"line":74,"column":0},"end":{"line":74,"column":38}},"74":{"start":{"line":75,"column":0},"end":{"line":75,"column":72}},"75":{"start":{"line":76,"column":0},"end":{"line":76,"column":12}},"76":{"start":{"line":77,"column":0},"end":{"line":77,"column":10}},"77":{"start":{"line":78,"column":0},"end":{"line":78,"column":7}},"78":{"start":{"line":79,"column":0},"end":{"line":79,"column":67}},"79":{"start":{"line":80,"column":0},"end":{"line":80,"column":7}},"81":{"start":{"line":82,"column":0},"end":{"line":82,"column":37}},"83":{"start":{"line":84,"column":0},"end":{"line":84,"column":80}},"85":{"start":{"line":86,"column":0},"end":{"line":86,"column":65}},"86":{"start":{"line":87,"column":0},"end":{"line":87,"column":65}},"88":{"start":{"line":89,"column":0},"end":{"line":89,"column":26}},"89":{"start":{"line":90,"column":0},"end":{"line":90,"column":9}},"90":{"start":{"line":91,"column":0},"end":{"line":91,"column":53}},"91":{"start":{"line":92,"column":0},"end":{"line":92,"column":22}},"92":{"start":{"line":93,"column":0},"end":{"line":93,"column":59}},"93":{"start":{"line":94,"column":0},"end":{"line":94,"column":30}},"94":{"start":{"line":95,"column":0},"end":{"line":95,"column":7}},"95":{"start":{"line":96,"column":0},"end":{"line":96,"column":13}},"97":{"start":{"line":98,"column":0},"end":{"line":98,"column":5}},"98":{"start":{"line":99,"column":0},"end":{"line":99,"column":4}},"100":{"start":{"line":101,"column":0},"end":{"line":101,"column":28}},"101":{"start":{"line":102,"column":0},"end":{"line":102,"column":9}},"102":{"start":{"line":103,"column":0},"end":{"line":103,"column":29}},"103":{"start":{"line":104,"column":0},"end":{"line":104,"column":57}},"104":{"start":{"line":105,"column":0},"end":{"line":105,"column":13}},"106":{"start":{"line":107,"column":0},"end":{"line":107,"column":5}},"107":{"start":{"line":108,"column":0},"end":{"line":108,"column":4}},"109":{"start":{"line":110,"column":0},"end":{"line":110,"column":25}},"110":{"start":{"line":111,"column":0},"end":{"line":111,"column":24}},"111":{"start":{"line":112,"column":0},"end":{"line":112,"column":45}},"112":{"start":{"line":113,"column":0},"end":{"line":113,"column":29}},"113":{"start":{"line":114,"column":0},"end":{"line":114,"column":21}},"114":{"start":{"line":115,"column":0},"end":{"line":115,"column":47}},"115":{"start":{"line":116,"column":0},"end":{"line":116,"column":70}},"116":{"start":{"line":117,"column":0},"end":{"line":117,"column":37}},"117":{"start":{"line":118,"column":0},"end":{"line":118,"column":24}},"118":{"start":{"line":119,"column":0},"end":{"line":119,"column":6}},"120":{"start":{"line":121,"column":0},"end":{"line":121,"column":9}},"121":{"start":{"line":122,"column":0},"end":{"line":122,"column":83}},"122":{"start":{"line":123,"column":0},"end":{"line":123,"column":50}},"123":{"start":{"line":124,"column":0},"end":{"line":124,"column":68}},"124":{"start":{"line":125,"column":0},"end":{"line":125,"column":24}},"125":{"start":{"line":126,"column":0},"end":{"line":126,"column":38}},"126":{"start":{"line":127,"column":0},"end":{"line":127,"column":22}},"127":{"start":{"line":128,"column":0},"end":{"line":128,"column":13}},"128":{"start":{"line":129,"column":0},"end":{"line":129,"column":18}},"129":{"start":{"line":130,"column":0},"end":{"line":130,"column":5}},"130":{"start":{"line":131,"column":0},"end":{"line":131,"column":4}},"132":{"start":{"line":133,"column":0},"end":{"line":133,"column":21}},"133":{"start":{"line":134,"column":0},"end":{"line":134,"column":9}},"134":{"start":{"line":135,"column":0},"end":{"line":135,"column":82}},"135":{"start":{"line":136,"column":0},"end":{"line":136,"column":29}},"136":{"start":{"line":137,"column":0},"end":{"line":137,"column":13}},"137":{"start":{"line":138,"column":0},"end":{"line":138,"column":26}},"138":{"start":{"line":139,"column":0},"end":{"line":139,"column":5}},"139":{"start":{"line":140,"column":0},"end":{"line":140,"column":4}},"141":{"start":{"line":142,"column":0},"end":{"line":142,"column":44}},"142":{"start":{"line":143,"column":0},"end":{"line":143,"column":20}},"143":{"start":{"line":144,"column":0},"end":{"line":144,"column":100}},"144":{"start":{"line":145,"column":0},"end":{"line":145,"column":62}},"145":{"start":{"line":146,"column":0},"end":{"line":146,"column":33}},"146":{"start":{"line":147,"column":0},"end":{"line":147,"column":7}},"148":{"start":{"line":149,"column":0},"end":{"line":149,"column":27}},"149":{"start":{"line":150,"column":0},"end":{"line":150,"column":20}},"150":{"start":{"line":151,"column":0},"end":{"line":151,"column":67}},"151":{"start":{"line":152,"column":0},"end":{"line":152,"column":62}},"152":{"start":{"line":153,"column":0},"end":{"line":153,"column":33}},"153":{"start":{"line":154,"column":0},"end":{"line":154,"column":7}},"154":{"start":{"line":155,"column":0},"end":{"line":155,"column":4}}},"s":{"0":1,"49":1,"50":4,"51":4,"52":4,"53":4,"55":4,"56":14,"57":14,"58":14,"59":3,"60":3,"61":4,"62":3,"63":3,"64":3,"65":11,"66":14,"68":4,"69":2,"70":2,"71":2,"72":1,"73":1,"74":1,"75":1,"76":1,"77":1,"78":1,"79":2,"81":4,"83":4,"85":4,"86":4,"88":4,"89":2,"90":2,"91":2,"92":1,"93":1,"94":1,"95":2,"97":0,"98":2,"100":4,"101":3,"102":3,"103":3,"104":3,"106":1,"107":3,"109":4,"110":3,"111":3,"112":2,"113":2,"114":2,"115":2,"116":2,"117":2,"118":2,"120":2,"121":3,"122":3,"123":3,"124":3,"125":3,"126":3,"127":3,"128":1,"129":1,"130":3,"132":4,"133":2,"134":2,"135":2,"136":2,"137":0,"138":0,"139":2,"141":4,"142":1,"143":1,"144":1,"145":1,"146":1,"148":4,"149":1,"150":1,"151":1,"152":1,"153":1,"154":1},"branchMap":{"0":{"type":"branch","line":50,"loc":{"start":{"line":50,"column":48},"end":{"line":155,"column":2}},"locations":[{"start":{"line":50,"column":48},"end":{"line":155,"column":2}}]},"1":{"type":"branch","line":56,"loc":{"start":{"line":56,"column":13},"end":{"line":67,"column":7}},"locations":[{"start":{"line":56,"column":13},"end":{"line":67,"column":7}}]},"2":{"type":"branch","line":57,"loc":{"start":{"line":57,"column":8},"end":{"line":67,"column":5}},"locations":[{"start":{"line":57,"column":8},"end":{"line":67,"column":5}}]},"3":{"type":"branch","line":59,"loc":{"start":{"line":59,"column":24},"end":{"line":65,"column":7}},"locations":[{"start":{"line":59,"column":24},"end":{"line":65,"column":7}}]},"4":{"type":"branch","line":65,"loc":{"start":{"line":65,"column":6},"end":{"line":66,"column":65}},"locations":[{"start":{"line":65,"column":6},"end":{"line":66,"column":65}}]},"5":{"type":"branch","line":58,"loc":{"start":{"line":58,"column":43},"end":{"line":58,"column":80}},"locations":[{"start":{"line":58,"column":43},"end":{"line":58,"column":80}}]},"6":{"type":"branch","line":61,"loc":{"start":{"line":61,"column":31},"end":{"line":62,"column":73}},"locations":[{"start":{"line":61,"column":31},"end":{"line":62,"column":73}}]},"7":{"type":"branch","line":62,"loc":{"start":{"line":62,"column":27},"end":{"line":62,"column":71}},"locations":[{"start":{"line":62,"column":27},"end":{"line":62,"column":71}}]},"8":{"type":"branch","line":62,"loc":{"start":{"line":62,"column":67},"end":{"line":62,"column":73}},"locations":[{"start":{"line":62,"column":67},"end":{"line":62,"column":73}}]},"9":{"type":"branch","line":69,"loc":{"start":{"line":69,"column":18},"end":{"line":80,"column":7}},"locations":[{"start":{"line":69,"column":18},"end":{"line":80,"column":7}}]},"10":{"type":"branch","line":70,"loc":{"start":{"line":70,"column":8},"end":{"line":80,"column":5}},"locations":[{"start":{"line":70,"column":8},"end":{"line":80,"column":5}}]},"11":{"type":"branch","line":72,"loc":{"start":{"line":72,"column":53},"end":{"line":79,"column":67}},"locations":[{"start":{"line":72,"column":53},"end":{"line":79,"column":67}}]},"12":{"type":"branch","line":71,"loc":{"start":{"line":71,"column":43},"end":{"line":71,"column":67}},"locations":[{"start":{"line":71,"column":43},"end":{"line":71,"column":67}}]},"13":{"type":"branch","line":74,"loc":{"start":{"line":74,"column":31},"end":{"line":75,"column":72}},"locations":[{"start":{"line":74,"column":31},"end":{"line":75,"column":72}}]},"14":{"type":"branch","line":75,"loc":{"start":{"line":75,"column":66},"end":{"line":75,"column":72}},"locations":[{"start":{"line":75,"column":66},"end":{"line":75,"column":72}}]},"15":{"type":"branch","line":79,"loc":{"start":{"line":79,"column":39},"end":{"line":79,"column":63}},"locations":[{"start":{"line":79,"column":39},"end":{"line":79,"column":63}}]},"16":{"type":"branch","line":82,"loc":{"start":{"line":82,"column":13},"end":{"line":82,"column":37}},"locations":[{"start":{"line":82,"column":13},"end":{"line":82,"column":37}}]},"17":{"type":"branch","line":84,"loc":{"start":{"line":84,"column":17},"end":{"line":84,"column":80}},"locations":[{"start":{"line":84,"column":17},"end":{"line":84,"column":80}}]},"18":{"type":"branch","line":84,"loc":{"start":{"line":84,"column":41},"end":{"line":84,"column":77}},"locations":[{"start":{"line":84,"column":41},"end":{"line":84,"column":77}}]},"19":{"type":"branch","line":86,"loc":{"start":{"line":86,"column":23},"end":{"line":86,"column":65}},"locations":[{"start":{"line":86,"column":23},"end":{"line":86,"column":65}}]},"20":{"type":"branch","line":87,"loc":{"start":{"line":87,"column":23},"end":{"line":87,"column":65}},"locations":[{"start":{"line":87,"column":23},"end":{"line":87,"column":65}}]},"21":{"type":"branch","line":89,"loc":{"start":{"line":89,"column":19},"end":{"line":99,"column":4}},"locations":[{"start":{"line":89,"column":19},"end":{"line":99,"column":4}}]},"22":{"type":"branch","line":92,"loc":{"start":{"line":92,"column":21},"end":{"line":95,"column":7}},"locations":[{"start":{"line":92,"column":21},"end":{"line":95,"column":7}}]},"23":{"type":"branch","line":96,"loc":{"start":{"line":96,"column":4},"end":{"line":98,"column":5}},"locations":[{"start":{"line":96,"column":4},"end":{"line":98,"column":5}}]},"24":{"type":"branch","line":101,"loc":{"start":{"line":101,"column":21},"end":{"line":108,"column":4}},"locations":[{"start":{"line":101,"column":21},"end":{"line":108,"column":4}}]},"25":{"type":"branch","line":105,"loc":{"start":{"line":105,"column":4},"end":{"line":107,"column":5}},"locations":[{"start":{"line":105,"column":4},"end":{"line":107,"column":5}}]},"26":{"type":"branch","line":110,"loc":{"start":{"line":110,"column":18},"end":{"line":131,"column":4}},"locations":[{"start":{"line":110,"column":18},"end":{"line":131,"column":4}}]},"27":{"type":"branch","line":112,"loc":{"start":{"line":112,"column":33},"end":{"line":112,"column":45}},"locations":[{"start":{"line":112,"column":33},"end":{"line":112,"column":45}}]},"28":{"type":"branch","line":112,"loc":{"start":{"line":112,"column":40},"end":{"line":122,"column":66}},"locations":[{"start":{"line":112,"column":40},"end":{"line":122,"column":66}}]},"29":{"type":"branch","line":122,"loc":{"start":{"line":122,"column":61},"end":{"line":122,"column":70}},"locations":[{"start":{"line":122,"column":61},"end":{"line":122,"column":70}}]},"30":{"type":"branch","line":128,"loc":{"start":{"line":128,"column":4},"end":{"line":130,"column":5}},"locations":[{"start":{"line":128,"column":4},"end":{"line":130,"column":5}}]},"31":{"type":"branch","line":115,"loc":{"start":{"line":115,"column":28},"end":{"line":115,"column":45}},"locations":[{"start":{"line":115,"column":28},"end":{"line":115,"column":45}}]},"32":{"type":"branch","line":116,"loc":{"start":{"line":116,"column":31},"end":{"line":116,"column":67}},"locations":[{"start":{"line":116,"column":31},"end":{"line":116,"column":67}}]},"33":{"type":"branch","line":133,"loc":{"start":{"line":133,"column":14},"end":{"line":140,"column":4}},"locations":[{"start":{"line":133,"column":14},"end":{"line":140,"column":4}}]},"34":{"type":"branch","line":135,"loc":{"start":{"line":135,"column":60},"end":{"line":135,"column":69}},"locations":[{"start":{"line":135,"column":60},"end":{"line":135,"column":69}}]},"35":{"type":"branch","line":137,"loc":{"start":{"line":137,"column":4},"end":{"line":139,"column":5}},"locations":[{"start":{"line":137,"column":4},"end":{"line":139,"column":5}}]},"36":{"type":"branch","line":142,"loc":{"start":{"line":142,"column":21},"end":{"line":147,"column":7}},"locations":[{"start":{"line":142,"column":21},"end":{"line":147,"column":7}}]},"37":{"type":"branch","line":143,"loc":{"start":{"line":143,"column":8},"end":{"line":147,"column":5}},"locations":[{"start":{"line":143,"column":8},"end":{"line":147,"column":5}}]},"38":{"type":"branch","line":144,"loc":{"start":{"line":144,"column":39},"end":{"line":144,"column":98}},"locations":[{"start":{"line":144,"column":39},"end":{"line":144,"column":98}}]},"39":{"type":"branch","line":144,"loc":{"start":{"line":144,"column":92},"end":{"line":144,"column":98}},"locations":[{"start":{"line":144,"column":92},"end":{"line":144,"column":98}}]},"40":{"type":"branch","line":149,"loc":{"start":{"line":149,"column":15},"end":{"line":154,"column":7}},"locations":[{"start":{"line":149,"column":15},"end":{"line":154,"column":7}}]},"41":{"type":"branch","line":150,"loc":{"start":{"line":150,"column":8},"end":{"line":154,"column":5}},"locations":[{"start":{"line":150,"column":8},"end":{"line":154,"column":5}}]},"42":{"type":"branch","line":151,"loc":{"start":{"line":151,"column":42},"end":{"line":151,"column":65}},"locations":[{"start":{"line":151,"column":42},"end":{"line":151,"column":65}}]}},"b":{"0":[4],"1":[14],"2":[14],"3":[3],"4":[11],"5":[5],"6":[4],"7":[3],"8":[1],"9":[2],"10":[2],"11":[1],"12":[2],"13":[1],"14":[0],"15":[1],"16":[1],"17":[1],"18":[2],"19":[1],"20":[1],"21":[2],"22":[1],"23":[0],"24":[3],"25":[1],"26":[3],"27":[1],"28":[2],"29":[0],"30":[1],"31":[3],"32":[3],"33":[2],"34":[1],"35":[0],"36":[1],"37":[1],"38":[1],"39":[0],"40":[1],"41":[1],"42":[1]},"fnMap":{"0":{"name":"addToCart","decl":{"start":{"line":56,"column":13},"end":{"line":67,"column":7}},"loc":{"start":{"line":56,"column":13},"end":{"line":67,"column":7}},"line":56},"1":{"name":"removeFromCart","decl":{"start":{"line":69,"column":18},"end":{"line":80,"column":7}},"loc":{"start":{"line":69,"column":18},"end":{"line":80,"column":7}},"line":69},"2":{"name":"clearCart","decl":{"start":{"line":82,"column":13},"end":{"line":82,"column":37}},"loc":{"start":{"line":82,"column":13},"end":{"line":82,"column":37}},"line":82},"3":{"name":"getTotalPrice","decl":{"start":{"line":84,"column":17},"end":{"line":84,"column":80}},"loc":{"start":{"line":84,"column":17},"end":{"line":84,"column":80}},"line":84},"4":{"name":"setShowPaymentModal","decl":{"start":{"line":86,"column":23},"end":{"line":86,"column":65}},"loc":{"start":{"line":86,"column":23},"end":{"line":86,"column":65}},"line":86},"5":{"name":"setShowNotification","decl":{"start":{"line":87,"column":23},"end":{"line":87,"column":65}},"loc":{"start":{"line":87,"column":23},"end":{"line":87,"column":65}},"line":87},"6":{"name":"loadFromStorage","decl":{"start":{"line":89,"column":19},"end":{"line":99,"column":4}},"loc":{"start":{"line":89,"column":19},"end":{"line":99,"column":4}},"line":89},"7":{"name":"saveCartToStorage","decl":{"start":{"line":101,"column":21},"end":{"line":108,"column":4}},"loc":{"start":{"line":101,"column":21},"end":{"line":108,"column":4}},"line":101},"8":{"name":"processPayment","decl":{"start":{"line":110,"column":18},"end":{"line":131,"column":4}},"loc":{"start":{"line":110,"column":18},"end":{"line":131,"column":4}},"line":110},"9":{"name":"loadOrders","decl":{"start":{"line":133,"column":14},"end":{"line":140,"column":4}},"loc":{"start":{"line":133,"column":14},"end":{"line":140,"column":4}},"line":133},"10":{"name":"updateOrderStatus","decl":{"start":{"line":142,"column":21},"end":{"line":147,"column":7}},"loc":{"start":{"line":142,"column":21},"end":{"line":147,"column":7}},"line":142},"11":{"name":"deleteOrder","decl":{"start":{"line":149,"column":15},"end":{"line":154,"column":7}},"loc":{"start":{"line":149,"column":15},"end":{"line":154,"column":7}},"line":149}},"f":{"0":14,"1":2,"2":1,"3":1,"4":1,"5":1,"6":2,"7":3,"8":3,"9":2,"10":1,"11":1}}
}
